2023-04-19 23:19:34,439 [INFO] Activator:176 - 


2023-04-19 23:19:34,442 [INFO] Activator:177 - !SESSION log4j initialized
2023-04-19 23:19:39,495 [INFO] LogOutputStream:77 - [STDOUT_REDIRECT] 
2023-04-19 23:19:47,837 [INFO] ApplicationProperties:184 - Using Application install path: F:\stm32CubeIDE\STM32CubeIDE_1.12.0\STM32CubeIDE\plugins\com.st.stm32cube.common.mx_6.8.0.202302231600
2023-04-19 23:19:47,866 [INFO] DbMcusXml:78 - Set database path to: F:\stm32CubeIDE\STM32CubeIDE_1.12.0\STM32CubeIDE\plugins\com.st.stm32cube.common.mx_6.8.0.202302231600\\db\/mcu/
2023-04-19 23:19:47,866 [INFO] ApiDb:274 - Set plugin database path to: F:\stm32CubeIDE\STM32CubeIDE_1.12.0\STM32CubeIDE\plugins\com.st.stm32cube.common.mx_6.8.0.202302231600\\db\/plugins/boardmanager/
2023-04-19 23:19:47,870 [WARN] ApiDb:259 - Overriding images path with different value:  => F:\stm32CubeIDE\STM32CubeIDE_1.12.0\STM32CubeIDE\plugins\com.st.stm32cube.common.mx_6.8.0.202302231600\\db\/plugins/mcufinder/images/
2023-04-19 23:19:50,252 [WARN] ApiFinderProperties:113 - C:\Users\Petric\.stmcufinder\plugins\mcufinder\mcu\mcuFinder.mfd doesn't exist
2023-04-19 23:19:50,253 [INFO] ApiDb:250 - Set database path to: C:\Users\Petric\.stmcufinder\plugins\mcufinder//mcu/
2023-04-19 23:19:50,255 [INFO] DbMcusAds:125 - Set database path to: C:\Users\Petric\.stmcufinder\plugins\mcufinder//mcu/
2023-04-19 23:19:50,261 [INFO] CrossReferenceDbSqlite:203 - Set database path to: C:\Users\Petric\.stmcufinder\plugins\mcufinder//mcu/cs/
2023-04-19 23:19:50,532 [INFO] RulesReader:64 - Compatibility file has been processed (293 Rules)
2023-04-19 23:19:50,671 [INFO] DbMcusXml:78 - Set database path to: F:\stm32CubeIDE\STM32CubeIDE_1.12.0\STM32CubeIDE\plugins\com.st.stm32cube.common.mx_6.8.0.202302231600\\db\/mcu/
2023-04-19 23:19:50,672 [INFO] ApiDb:274 - Set plugin database path to: F:\stm32CubeIDE\STM32CubeIDE_1.12.0\STM32CubeIDE\plugins\com.st.stm32cube.common.mx_6.8.0.202302231600\\db\/plugins/boardmanager/
2023-04-19 23:19:50,673 [INFO] ApiDb:261 - Set plugin images path to: F:\stm32CubeIDE\STM32CubeIDE_1.12.0\STM32CubeIDE\plugins\com.st.stm32cube.common.mx_6.8.0.202302231600\\db\/plugins/mcufinder/images/
2023-04-19 23:19:50,674 [WARN] DbFile:41 - Overriding database path with different value: C:\Users\Petric\.stmcufinder\plugins\mcufinder/ => C:\Users\Petric\.stmcufinder\plugins\mcufinder
2023-04-19 23:19:50,674 [INFO] ApiDb:250 - Set database path to: C:\Users\Petric\.stmcufinder\plugins\mcufinder//mcu/
2023-04-19 23:19:50,674 [WARN] DbFile:41 - Overriding database path with different value: C:\Users\Petric\.stmcufinder\plugins\mcufinder/ => C:\Users\Petric\.stmcufinder\plugins\mcufinder
2023-04-19 23:19:50,674 [INFO] DbMcusAds:125 - Set database path to: C:\Users\Petric\.stmcufinder\plugins\mcufinder//mcu/
2023-04-19 23:19:50,674 [WARN] DbFile:41 - Overriding database path with different value: C:\Users\Petric\.stmcufinder\plugins\mcufinder/ => C:\Users\Petric\.stmcufinder\plugins\mcufinder
2023-04-19 23:19:50,674 [WARN] DbFile:41 - Overriding database path with different value: C:\Users\Petric\.stmcufinder\plugins\mcufinder/ => C:\Users\Petric\.stmcufinder\plugins\mcufinder
2023-04-19 23:19:50,735 [INFO] CrossReferenceDbSqlite:203 - Set database path to: C:\Users\Petric\.stmcufinder\plugins\mcufinder//mcu/cs/
2023-04-19 23:19:50,861 [INFO] MainPanel:253 - HeapMemory: 268435456
2023-04-19 23:19:51,028 [INFO] DbMcusXml:78 - Set database path to: F:\stm32CubeIDE\STM32CubeIDE_1.12.0\STM32CubeIDE\plugins\com.st.stm32cube.common.mx_6.8.0.202302231600\\db\/mcu/
2023-04-19 23:19:51,028 [INFO] ApiDb:274 - Set plugin database path to: F:\stm32CubeIDE\STM32CubeIDE_1.12.0\STM32CubeIDE\plugins\com.st.stm32cube.common.mx_6.8.0.202302231600\\db\/plugins/boardmanager/
2023-04-19 23:19:51,028 [INFO] ApiDb:261 - Set plugin images path to: F:\stm32CubeIDE\STM32CubeIDE_1.12.0\STM32CubeIDE\plugins\com.st.stm32cube.common.mx_6.8.0.202302231600\\db\/plugins/mcufinder/images/
2023-04-19 23:19:51,029 [WARN] DbFile:41 - Overriding database path with different value: C:\Users\Petric\.stmcufinder\plugins\mcufinder/ => C:\Users\Petric\.stmcufinder\plugins\mcufinder
2023-04-19 23:19:51,029 [INFO] ApiDb:250 - Set database path to: C:\Users\Petric\.stmcufinder\plugins\mcufinder//mcu/
2023-04-19 23:19:51,029 [WARN] DbFile:41 - Overriding database path with different value: C:\Users\Petric\.stmcufinder\plugins\mcufinder/ => C:\Users\Petric\.stmcufinder\plugins\mcufinder
2023-04-19 23:19:51,030 [INFO] DbMcusAds:125 - Set database path to: C:\Users\Petric\.stmcufinder\plugins\mcufinder//mcu/
2023-04-19 23:19:51,030 [WARN] DbFile:41 - Overriding database path with different value: C:\Users\Petric\.stmcufinder\plugins\mcufinder/ => C:\Users\Petric\.stmcufinder\plugins\mcufinder
2023-04-19 23:19:51,030 [WARN] DbFile:41 - Overriding database path with different value: C:\Users\Petric\.stmcufinder\plugins\mcufinder/ => C:\Users\Petric\.stmcufinder\plugins\mcufinder
2023-04-19 23:19:51,031 [INFO] CrossReferenceDbSqlite:203 - Set database path to: C:\Users\Petric\.stmcufinder\plugins\mcufinder//mcu/cs/
2023-04-19 23:19:51,060 [INFO] ApplicationProperties:184 - Using Application install path: F:\stm32CubeIDE\STM32CubeIDE_1.12.0\STM32CubeIDE\plugins\com.st.stm32cube.common.mx_6.8.0.202302231600
2023-04-19 23:19:51,062 [INFO] PluginManage:196 - Search for loadable plugins [exclusion list=, ]
2023-04-19 23:19:51,064 [INFO] PluginManage:310 - Check plugin analytics
2023-04-19 23:19:55,929 [INFO] AnalyticsPlugin:253 - Accepted Software Licenses: 
2023-04-19 23:19:55,930 [INFO] AnalyticsPlugin:255 - Accepted CMSIS Pack Licenses: 
2023-04-19 23:19:55,930 [INFO] AnalyticsPlugin:257 - Accepted Firmware Licenses: 
2023-04-19 23:19:55,942 [INFO] PluginManage:359 - Loaded plugin analytics (category:tool,tabindex:-1)
2023-04-19 23:19:55,942 [INFO] PluginManage:310 - Check plugin cadmodel
2023-04-19 23:19:55,961 [INFO] CADModel:105 - Init CAD model plugin
2023-04-19 23:19:55,962 [INFO] PluginManage:359 - Loaded plugin cadmodel (category:power,tabindex:5)
2023-04-19 23:19:55,962 [INFO] PluginManage:310 - Check plugin clock
2023-04-19 23:19:55,995 [INFO] PluginManage:359 - Loaded plugin clock (category:base,tabindex:2)
2023-04-19 23:19:55,995 [INFO] PluginManage:310 - Check plugin ddr
2023-04-19 23:19:56,002 [INFO] PluginManage:359 - Loaded plugin ddr (category:tool,tabindex:6)
2023-04-19 23:19:56,002 [INFO] PluginManage:310 - Check plugin filemanager
2023-04-19 23:19:56,211 [INFO] PluginManage:359 - Loaded plugin filemanager (category:base,tabindex:10)
2023-04-19 23:19:56,211 [INFO] PluginManage:310 - Check plugin ipmanager
2023-04-19 23:19:56,222 [INFO] PluginManage:359 - Loaded plugin ipmanager (category:base,tabindex:5)
2023-04-19 23:19:56,223 [INFO] PluginManage:310 - Check plugin lpbam
2023-04-19 23:19:56,246 [INFO] PluginManage:359 - Loaded plugin lpbam (category:base,tabindex:0)
2023-04-19 23:19:56,246 [INFO] PluginManage:310 - Check plugin pinoutandconfiguration
2023-04-19 23:19:56,268 [INFO] PluginManage:359 - Loaded plugin pinoutandconfiguration (category:base,tabindex:1)
2023-04-19 23:19:56,269 [INFO] PluginManage:310 - Check plugin pinoutconfig
2023-04-19 23:19:56,404 [WARN] SupportedApi:132 - Cannot load RTOS API schema: s4s-elt-must-match.1: The content of 'definitions' must match (annotation?, (simpleType | complexType)?, (unique | key | keyref)*)). A problem was found starting at: attribute.
2023-04-19 23:19:56,621 [INFO] PluginManage:359 - Loaded plugin pinoutconfig (category:base,tabindex:0)
2023-04-19 23:19:56,622 [INFO] PluginManage:310 - Check plugin power
2023-04-19 23:19:56,649 [INFO] PluginManage:359 - Loaded plugin power (category:power,tabindex:4)
2023-04-19 23:19:56,649 [INFO] PluginManage:310 - Check plugin projectmanager
2023-04-19 23:19:56,674 [INFO] PluginManage:359 - Loaded plugin projectmanager (category:projectmanager,tabindex:3)
2023-04-19 23:19:56,674 [INFO] PluginManage:310 - Check plugin thirdparty
2023-04-19 23:19:57,015 [INFO] PluginManage:359 - Loaded plugin thirdparty (category:base,tabindex:-1)
2023-04-19 23:19:57,015 [INFO] PluginManage:310 - Check plugin tools
2023-04-19 23:19:57,015 [WARN] IntegrityCheckThread:84 - waiting for thirdparty lock release [integrity check]
2023-04-19 23:19:57,015 [INFO] IntegrityCheckThread:86 - entering critical section [integrity check]
2023-04-19 23:19:57,022 [INFO] ThirdPartyUpdaterWithRetryManager:70 - Updater plugin not ready yet. [1/15]
2023-04-19 23:19:57,054 [INFO] PluginManage:359 - Loaded plugin tools (category:base,tabindex:7)
2023-04-19 23:19:57,054 [INFO] PluginManage:310 - Check plugin tutovideos
2023-04-19 23:19:57,364 [INFO] PluginManage:359 - Loaded plugin tutovideos (category:base,tabindex:-1)
2023-04-19 23:19:57,365 [INFO] PluginManage:310 - Check plugin updater
2023-04-19 23:19:57,386 [INFO] PluginManage:359 - Loaded plugin updater (category:base,tabindex:12)
2023-04-19 23:19:57,387 [INFO] PluginManage:283 - PluginManage : Loaded plugins [15]
2023-04-19 23:19:57,770 [INFO] PinOutPanel:1499 - setPackage(No Configuration,No Configuration)
2023-04-19 23:19:57,861 [INFO] CADModel:165 - CPN selected for project level
2023-04-19 23:19:57,861 [INFO] CADModel:114 - Register for checkConnection events
2023-04-19 23:19:57,897 [INFO] IPUIPlugin:80 - create IPUIPlugin
2023-04-19 23:19:57,897 [INFO] PluginManager:220 - loadIPPluginJar : add adc
2023-04-19 23:19:57,933 [INFO] IPUIPlugin:80 - create IPUIPlugin
2023-04-19 23:19:57,933 [INFO] PluginManager:220 - loadIPPluginJar : add aes
2023-04-19 23:19:57,974 [INFO] IPUIPlugin:80 - create IPUIPlugin
2023-04-19 23:19:57,974 [INFO] PluginManager:220 - loadIPPluginJar : add can
2023-04-19 23:19:57,997 [INFO] IPUIPlugin:80 - create IPUIPlugin
2023-04-19 23:19:57,998 [INFO] PluginManager:220 - loadIPPluginJar : add comp
2023-04-19 23:19:58,031 [INFO] IPUIPlugin:80 - create IPUIPlugin
2023-04-19 23:19:58,031 [INFO] PluginManager:220 - loadIPPluginJar : add cryp
2023-04-19 23:19:58,061 [INFO] IPUIPlugin:80 - create IPUIPlugin
2023-04-19 23:19:58,061 [INFO] PluginManager:220 - loadIPPluginJar : add dfsdm
2023-04-19 23:19:58,077 [INFO] IPUIPlugin:80 - create IPUIPlugin
2023-04-19 23:19:58,078 [INFO] PluginManager:220 - loadIPPluginJar : add dma
2023-04-19 23:19:58,122 [INFO] IPUIPlugin:80 - create IPUIPlugin
2023-04-19 23:19:58,122 [INFO] PluginManager:220 - loadIPPluginJar : add dma3
2023-04-19 23:19:58,143 [INFO] IPUIPlugin:80 - create IPUIPlugin
2023-04-19 23:19:58,143 [INFO] PluginManager:220 - loadIPPluginJar : add fatfs
2023-04-19 23:19:58,192 [INFO] IPUIPlugin:80 - create IPUIPlugin
2023-04-19 23:19:58,192 [INFO] PluginManager:220 - loadIPPluginJar : add fmc
2023-04-19 23:19:58,211 [INFO] IPUIPlugin:80 - create IPUIPlugin
2023-04-19 23:19:58,211 [INFO] PluginManager:220 - loadIPPluginJar : add freertos
2023-04-19 23:19:58,232 [INFO] IPUIPlugin:80 - create IPUIPlugin
2023-04-19 23:19:58,232 [INFO] PluginManager:220 - loadIPPluginJar : add genericplugin
2023-04-19 23:19:58,325 [INFO] IPUIPlugin:80 - create IPUIPlugin
2023-04-19 23:19:58,325 [INFO] PluginManager:220 - loadIPPluginJar : add gfxmmu
2023-04-19 23:19:58,462 [INFO] IPUIPlugin:80 - create IPUIPlugin
2023-04-19 23:19:58,462 [INFO] PluginManager:220 - loadIPPluginJar : add gic
2023-04-19 23:19:58,477 [INFO] IPUIPlugin:80 - create IPUIPlugin
2023-04-19 23:19:58,478 [INFO] PluginManager:220 - loadIPPluginJar : add gpio
2023-04-19 23:19:58,575 [INFO] IPUIPlugin:80 - create IPUIPlugin
2023-04-19 23:19:58,575 [INFO] PluginManager:220 - loadIPPluginJar : add gtzc
2023-04-19 23:19:58,610 [INFO] IPUIPlugin:80 - create IPUIPlugin
2023-04-19 23:19:58,610 [INFO] PluginManager:220 - loadIPPluginJar : add hash
2023-04-19 23:19:58,662 [INFO] IPUIPlugin:80 - create IPUIPlugin
2023-04-19 23:19:58,662 [INFO] PluginManager:220 - loadIPPluginJar : add i2c
2023-04-19 23:19:58,703 [INFO] IPUIPlugin:80 - create IPUIPlugin
2023-04-19 23:19:58,703 [INFO] PluginManager:220 - loadIPPluginJar : add i2s
2023-04-19 23:19:58,745 [INFO] IPUIPlugin:80 - create IPUIPlugin
2023-04-19 23:19:58,746 [INFO] PluginManager:220 - loadIPPluginJar : add i3c
2023-04-19 23:19:58,857 [INFO] IPUIPlugin:80 - create IPUIPlugin
2023-04-19 23:19:58,857 [INFO] PluginManager:220 - loadIPPluginJar : add ipddr
2023-04-19 23:19:58,952 [INFO] IPUIPlugin:80 - create IPUIPlugin
2023-04-19 23:19:58,952 [INFO] PluginManager:220 - loadIPPluginJar : add linkedlist
2023-04-19 23:19:58,987 [INFO] IPUIPlugin:80 - create IPUIPlugin
2023-04-19 23:19:58,988 [INFO] PluginManager:220 - loadIPPluginJar : add lorawan
2023-04-19 23:19:59,024 [INFO] IPUIPlugin:80 - create IPUIPlugin
2023-04-19 23:19:59,024 [INFO] PluginManager:220 - loadIPPluginJar : add ltdc
2023-04-19 23:19:59,042 [INFO] IPUIPlugin:80 - create IPUIPlugin
2023-04-19 23:19:59,043 [INFO] PluginManager:220 - loadIPPluginJar : add mdma
2023-04-19 23:19:59,058 [INFO] IPUIPlugin:80 - create IPUIPlugin
2023-04-19 23:19:59,058 [INFO] PluginManager:220 - loadIPPluginJar : add nvic
2023-04-19 23:19:59,094 [INFO] IPUIPlugin:80 - create IPUIPlugin
2023-04-19 23:19:59,095 [INFO] PluginManager:220 - loadIPPluginJar : add opamp
2023-04-19 23:19:59,154 [INFO] IPUIPlugin:80 - create IPUIPlugin
2023-04-19 23:19:59,154 [INFO] PluginManager:220 - loadIPPluginJar : add openamp
2023-04-19 23:19:59,198 [INFO] IPUIPlugin:80 - create IPUIPlugin
2023-04-19 23:19:59,198 [INFO] PluginManager:220 - loadIPPluginJar : add pdm2pcm
2023-04-19 23:19:59,215 [INFO] IPUIPlugin:80 - create IPUIPlugin
2023-04-19 23:19:59,219 [INFO] PluginManager:220 - loadIPPluginJar : add plateformsettings
2023-04-19 23:19:59,241 [INFO] IPUIPlugin:80 - create IPUIPlugin
2023-04-19 23:19:59,242 [INFO] PluginManager:220 - loadIPPluginJar : add quadspi
2023-04-19 23:19:59,256 [INFO] IPUIPlugin:80 - create IPUIPlugin
2023-04-19 23:19:59,256 [INFO] PluginManager:220 - loadIPPluginJar : add resmgrutility
2023-04-19 23:19:59,307 [INFO] IPUIPlugin:80 - create IPUIPlugin
2023-04-19 23:19:59,308 [INFO] PluginManager:220 - loadIPPluginJar : add sai
2023-04-19 23:19:59,347 [INFO] IPUIPlugin:80 - create IPUIPlugin
2023-04-19 23:19:59,347 [INFO] PluginManager:220 - loadIPPluginJar : add spi
2023-04-19 23:19:59,410 [INFO] IPUIPlugin:80 - create IPUIPlugin
2023-04-19 23:19:59,410 [INFO] PluginManager:220 - loadIPPluginJar : add stm32_wpan
2023-04-19 23:19:59,434 [INFO] IPUIPlugin:80 - create IPUIPlugin
2023-04-19 23:19:59,434 [INFO] PluginManager:220 - loadIPPluginJar : add tim
2023-04-19 23:19:59,496 [INFO] IPUIPlugin:80 - create IPUIPlugin
2023-04-19 23:19:59,497 [INFO] PluginManager:220 - loadIPPluginJar : add touchsensing
2023-04-19 23:19:59,523 [INFO] IPUIPlugin:80 - create IPUIPlugin
2023-04-19 23:19:59,523 [INFO] PluginManager:220 - loadIPPluginJar : add tracer_emb
2023-04-19 23:19:59,548 [INFO] IPUIPlugin:80 - create IPUIPlugin
2023-04-19 23:19:59,549 [INFO] PluginManager:220 - loadIPPluginJar : add ts
2023-04-19 23:19:59,571 [INFO] IPUIPlugin:80 - create IPUIPlugin
2023-04-19 23:19:59,571 [INFO] PluginManager:220 - loadIPPluginJar : add tsc
2023-04-19 23:19:59,594 [INFO] IPUIPlugin:80 - create IPUIPlugin
2023-04-19 23:19:59,594 [INFO] PluginManager:220 - loadIPPluginJar : add ucpd
2023-04-19 23:19:59,639 [INFO] IPUIPlugin:80 - create IPUIPlugin
2023-04-19 23:19:59,639 [INFO] PluginManager:220 - loadIPPluginJar : add usart
2023-04-19 23:19:59,683 [INFO] IPUIPlugin:80 - create IPUIPlugin
2023-04-19 23:19:59,684 [INFO] PluginManager:220 - loadIPPluginJar : add usbx
2023-04-19 23:19:59,832 [INFO] CADModel:165 - CPN selected for project level
2023-04-19 23:19:59,833 [INFO] CADModel:114 - Register for checkConnection events
2023-04-19 23:19:59,833 [FATAL] Updater:308 - Updater called before beeing initialized
2023-04-19 23:19:59,833 [ERROR] CADModel:125 - Updater not yet initialized, retry later 
2023-04-19 23:20:00,038 [INFO] ThirdPartyUpdaterWithRetryManager:70 - Updater plugin not ready yet. [2/15]
2023-04-19 23:20:00,057 [INFO] CADModel:165 - CPN selected for project level
2023-04-19 23:20:00,057 [INFO] CADModel:114 - Register for checkConnection events
2023-04-19 23:20:00,057 [FATAL] Updater:308 - Updater called before beeing initialized
2023-04-19 23:20:00,057 [ERROR] CADModel:125 - Updater not yet initialized, retry later 
2023-04-19 23:20:00,061 [FATAL] Updater:308 - Updater called before beeing initialized
2023-04-19 23:20:00,219 [FATAL] Updater:308 - Updater called before beeing initialized
2023-04-19 23:20:00,228 [INFO] DbMcusAds:53 - JSON generation date=Thu Sep 30 08:55:09 CEST 2021 (1632984909247)
2023-04-19 23:20:00,229 [FATAL] Updater:308 - Updater called before beeing initialized
2023-04-19 23:20:00,326 [WARN] DetailPanel:346 - Failed to get advertising image, set to default
2023-04-19 23:20:00,478 [FATAL] Updater:308 - Updater called before beeing initialized
2023-04-19 23:20:00,481 [FATAL] Updater:308 - Updater called before beeing initialized
2023-04-19 23:20:00,481 [FATAL] Updater:308 - Updater called before beeing initialized
2023-04-19 23:20:00,481 [WARN] DetailPanel:346 - Failed to get advertising image, set to default
2023-04-19 23:20:00,483 [FATAL] Updater:308 - Updater called before beeing initialized
2023-04-19 23:20:00,556 [ERROR] Updater:1120 - MainUpdater not yet initialized. External WinMGr cannot be set.
2023-04-19 23:20:00,567 [INFO] Updater:1056 - Updater Version found : 6.8.0
2023-04-19 23:20:00,590 [INFO] ApplicationProperties:184 - Using Application install path: F:\stm32CubeIDE\STM32CubeIDE_1.12.0\STM32CubeIDE\plugins\com.st.stm32cube.common.mx_6.8.0.202302231600
2023-04-19 23:20:00,633 [INFO] MainUpdater:519 - Copy updater definitions from MX database
2023-04-19 23:20:00,676 [INFO] MainUpdater:552 - Copy flag file definitions from MX database
2023-04-19 23:20:00,686 [INFO] MainUpdater:568 - Copy thirdparty index definitions from MX database
2023-04-19 23:20:00,697 [INFO] MainUpdater:587 - Copy default thirdparty db definitions from MX database
2023-04-19 23:20:01,207 [INFO] MainUpdater:2854 - connection check result : 10
2023-04-19 23:20:01,207 [INFO] MainUpdater:3548 - Updater definition file requires update
2023-04-19 23:20:01,210 [INFO] MainUpdater:283 - Updater Check For Update Now.
2023-04-19 23:20:01,210 [INFO] MicroXplorer:498 - Change Database Version : DB.6.0.80
2023-04-19 23:20:01,342 [INFO] ServerAccessManage:473 - Download File updaters.zip
2023-04-19 23:20:01,523 [INFO] FileExtend:240 - Unzip File : updaters.zip
2023-04-19 23:20:01,523 [INFO] FileExtend:255 - Standard Zip Deflate
2023-04-19 23:20:02,041 [INFO] ServerAccessManage:473 - Download File PacksControlFlags.xml
2023-04-19 23:20:02,180 [INFO] ServerAccessManage:473 - Download File cubemx.pidx
2023-04-19 23:20:02,431 [INFO] ServerAccessManage:473 - Download File STMicroelectronics.FP-ATR-ASTRA1.pdsc
2023-04-19 23:20:02,667 [INFO] ServerAccessManage:473 - Download File STMicroelectronics.FP-ATR-SIGFOX1.pdsc
2023-04-19 23:20:02,803 [INFO] ServerAccessManage:473 - Download File STMicroelectronics.X-CUBE-AI.pdsc
2023-04-19 23:20:03,053 [WARN] MainUpdater:1187 - Updater busy. Cannot search thirdparties
2023-04-19 23:20:03,054 [INFO] ThirdPartyUpdaterWithRetryManager:96 - Updater plugin is busy. [1/15]
2023-04-19 23:20:04,070 [INFO] ServerAccessManage:473 - Download File STMicroelectronics.X-CUBE-ALS.pdsc
2023-04-19 23:20:04,577 [INFO] ServerAccessManage:473 - Download File STMicroelectronics.X-CUBE-BLE1.pdsc
2023-04-19 23:20:05,725 [ERROR] ServerAccessManage:1089 - Problem, file not found on Server
2023-04-19 23:20:05,782 [INFO] ServerAccessManage:473 - Download File STMicroelectronics.X-CUBE-BLE2.pdsc
2023-04-19 23:20:06,069 [WARN] MainUpdater:1187 - Updater busy. Cannot search thirdparties
2023-04-19 23:20:06,069 [INFO] ThirdPartyUpdaterWithRetryManager:96 - Updater plugin is busy. [2/15]
2023-04-19 23:20:06,320 [INFO] ServerAccessManage:473 - Download File STMicroelectronics.X-CUBE-BLEMGR.pdsc
2023-04-19 23:20:06,663 [INFO] ServerAccessManage:473 - Download File STMicroelectronics.X-CUBE-DISPLAY.pdsc
2023-04-19 23:20:07,075 [INFO] ServerAccessManage:473 - Download File STMicroelectronics.X-CUBE-EEPRMA1.pdsc
2023-04-19 23:20:07,340 [ERROR] ServerAccessManage:1089 - Problem, file not found on Server
2023-04-19 23:20:07,575 [INFO] ServerAccessManage:473 - Download File STMicroelectronics.X-CUBE-FREERTOS.pdsc
2023-04-19 23:20:07,791 [INFO] ServerAccessManage:473 - Download File STMicroelectronics.X-CUBE-GNSS1.pdsc
2023-04-19 23:20:08,430 [ERROR] LogOutputStream:75 - [STDERR_REDIRECT] SLF4J: Failed to load class "org.slf4j.impl.StaticLoggerBinder".
2023-04-19 23:20:08,431 [ERROR] LogOutputStream:75 - [STDERR_REDIRECT] SLF4J: Defaulting to no-operation (NOP) logger implementation
2023-04-19 23:20:08,437 [ERROR] LogOutputStream:75 - [STDERR_REDIRECT] SLF4J: See http://www.slf4j.org/codes.html#StaticLoggerBinder for further details.
2023-04-19 23:20:08,864 [ERROR] ServerAccessManage:1089 - Problem, file not found on Server
2023-04-19 23:20:08,982 [ERROR] ServerAccessManage:1089 - Problem, file not found on Server
2023-04-19 23:20:09,073 [WARN] MainUpdater:1187 - Updater busy. Cannot search thirdparties
2023-04-19 23:20:09,073 [INFO] ThirdPartyUpdaterWithRetryManager:96 - Updater plugin is busy. [3/15]
2023-04-19 23:20:09,163 [ERROR] ServerAccessManage:1089 - Problem, file not found on Server
2023-04-19 23:20:09,320 [ERROR] ServerAccessManage:1089 - Problem, file not found on Server
2023-04-19 23:20:09,505 [ERROR] ServerAccessManage:1089 - Problem, file not found on Server
2023-04-19 23:20:09,639 [ERROR] ServerAccessManage:1089 - Problem, file not found on Server
2023-04-19 23:20:09,699 [INFO] ServerAccessManage:473 - Download File STMicroelectronics.X-CUBE-ISPU.pdsc
2023-04-19 23:20:09,880 [INFO] ServerAccessManage:473 - Download File STMicroelectronics.X-CUBE-MEMS1.pdsc
2023-04-19 23:20:11,236 [INFO] ServerAccessManage:473 - Download File STMicroelectronics.X-CUBE-NFC4.pdsc
2023-04-19 23:20:12,003 [INFO] ServerAccessManage:473 - Download File STMicroelectronics.X-CUBE-NFC7.pdsc
2023-04-19 23:20:12,078 [WARN] MainUpdater:1187 - Updater busy. Cannot search thirdparties
2023-04-19 23:20:12,078 [INFO] ThirdPartyUpdaterWithRetryManager:96 - Updater plugin is busy. [4/15]
2023-04-19 23:20:12,136 [INFO] ServerAccessManage:473 - Download File STMicroelectronics.X-CUBE-SFXS2LP1.pdsc
2023-04-19 23:20:13,034 [INFO] ServerAccessManage:473 - Download File STMicroelectronics.X-CUBE-SUBG2.pdsc
2023-04-19 23:20:15,080 [WARN] MainUpdater:1187 - Updater busy. Cannot search thirdparties
2023-04-19 23:20:15,080 [INFO] ThirdPartyUpdaterWithRetryManager:96 - Updater plugin is busy. [5/15]
2023-04-19 23:20:15,260 [INFO] ServerAccessManage:473 - Download File STMicroelectronics.X-CUBE-SMBUS.pdsc
2023-04-19 23:20:15,585 [ERROR] ServerAccessManage:1089 - Problem, file not found on Server
2023-04-19 23:20:15,664 [INFO] ServerAccessManage:473 - Download File STMicroelectronics.X-CUBE-TOF1.pdsc
2023-04-19 23:20:16,213 [ERROR] ServerAccessManage:1089 - Problem, file not found on Server
2023-04-19 23:20:16,311 [INFO] ServerAccessManage:473 - Download File STMicroelectronics.X-CUBE-TOUCHGFX.pdsc
2023-04-19 23:20:17,194 [INFO] ServerAccessManage:473 - Download File STMicroelectronics.X-CUBE-ALGOBUILD.pdsc
2023-04-19 23:20:17,580 [INFO] ServerAccessManage:473 - Download File STMicroelectronics.X-CUBE-AZRTOS-H7.pdsc
2023-04-19 23:20:18,096 [WARN] MainUpdater:1187 - Updater busy. Cannot search thirdparties
2023-04-19 23:20:18,096 [INFO] ThirdPartyUpdaterWithRetryManager:96 - Updater plugin is busy. [6/15]
2023-04-19 23:20:18,198 [INFO] ServerAccessManage:473 - Download File STMicroelectronics.X-CUBE-AZRTOS-F4.pdsc
2023-04-19 23:20:18,616 [INFO] ServerAccessManage:473 - Download File STMicroelectronics.X-CUBE-AZRTOS-F7.pdsc
2023-04-19 23:20:18,982 [INFO] ServerAccessManage:473 - Download File STMicroelectronics.X-CUBE-AZRTOS-L4.pdsc
2023-04-19 23:20:19,346 [INFO] ServerAccessManage:473 - Download File STMicroelectronics.X-CUBE-AZRTOS-L5.pdsc
2023-04-19 23:20:19,753 [INFO] ServerAccessManage:473 - Download File STMicroelectronics.X-CUBE-AZRTOS-G0.pdsc
2023-04-19 23:20:20,090 [INFO] ServerAccessManage:473 - Download File STMicroelectronics.X-CUBE-AZRTOS-G4.pdsc
2023-04-19 23:20:20,352 [INFO] ServerAccessManage:473 - Download File STMicroelectronics.X-CUBE-AZRTOS-WB.pdsc
2023-04-19 23:20:20,629 [INFO] ServerAccessManage:473 - Download File STMicroelectronics.X-CUBE-AZRTOS-WL.pdsc
2023-04-19 23:20:21,106 [WARN] MainUpdater:1187 - Updater busy. Cannot search thirdparties
2023-04-19 23:20:21,108 [INFO] ThirdPartyUpdaterWithRetryManager:96 - Updater plugin is busy. [7/15]
2023-04-19 23:20:21,425 [INFO] ServerAccessManage:473 - Download File wolfSSL.I-CUBE-wolfSSL.pdsc
2023-04-19 23:20:21,974 [INFO] MainUpdater:2854 - connection check result : 10
2023-04-19 23:20:24,117 [WARN] MainUpdater:1187 - Updater busy. Cannot search thirdparties
2023-04-19 23:20:24,118 [INFO] ThirdPartyUpdaterWithRetryManager:96 - Updater plugin is busy. [8/15]
2023-04-19 23:20:25,601 [ERROR] ServerAccessManage:1089 - Problem, file not found on Server
2023-04-19 23:20:26,113 [ERROR] ServerAccessManage:1089 - Problem, file not found on Server
2023-04-19 23:20:26,594 [ERROR] ServerAccessManage:1089 - Problem, file not found on Server
2023-04-19 23:20:27,133 [WARN] MainUpdater:1187 - Updater busy. Cannot search thirdparties
2023-04-19 23:20:27,133 [INFO] ThirdPartyUpdaterWithRetryManager:96 - Updater plugin is busy. [9/15]
2023-04-19 23:20:27,266 [ERROR] ServerAccessManage:1096 - Problem, Http access forbiden
2023-04-19 23:20:27,268 [ERROR] ServerAccessManage:651 - Problem, Http access forbiden : RoweBots.I-CUBE-UNISONRTOS.pdsc.
2023-04-19 23:20:27,602 [INFO] ServerAccessManage:473 - Download File SEGGER.I-CUBE-embOS.pdsc
2023-04-19 23:20:28,471 [INFO] ServerAccessManage:473 - Download File portGmbH.I-Cube-SoM-uGOAL.pdsc
2023-04-19 23:20:29,208 [ERROR] ServerAccessManage:1089 - Problem, file not found on Server
2023-04-19 23:20:29,388 [ERROR] ServerAccessManage:1089 - Problem, file not found on Server
2023-04-19 23:20:29,575 [ERROR] ServerAccessManage:1089 - Problem, file not found on Server
2023-04-19 23:20:29,905 [INFO] ServerAccessManage:473 - Download File emotas.I-CUBE-CANOPEN.pdsc
2023-04-19 23:20:30,135 [WARN] MainUpdater:1187 - Updater busy. Cannot search thirdparties
2023-04-19 23:20:30,135 [INFO] ThirdPartyUpdaterWithRetryManager:96 - Updater plugin is busy. [10/15]
2023-04-19 23:20:31,456 [INFO] ServerAccessManage:473 - Download File WES.I-CUBE-Cesium.pdsc
2023-04-19 23:20:33,144 [WARN] MainUpdater:1187 - Updater busy. Cannot search thirdparties
2023-04-19 23:20:33,144 [INFO] ThirdPartyUpdaterWithRetryManager:96 - Updater plugin is busy. [11/15]
2023-04-19 23:20:33,796 [ERROR] ServerAccessManage:1089 - Problem, file not found on Server
2023-04-19 23:20:34,820 [ERROR] ServerAccessManage:1089 - Problem, file not found on Server
2023-04-19 23:20:34,922 [WARN] CheckServerUpdateThread:151 - Open CheckUpdateFile Fail
2023-04-19 23:20:34,930 [WARN] PackLoader:240 - Cannot read IP mode file for STMicroelectronics.FP-ATR-ASTRA1.2.0.0
2023-04-19 23:20:34,955 [WARN] PackLoader:240 - Cannot read IP mode file for STMicroelectronics.FP-ATR-SIGFOX1.3.2.0
2023-04-19 23:20:34,967 [WARN] PackLoader:240 - Cannot read IP mode file for STMicroelectronics.X-CUBE-AI.8.0.0
2023-04-19 23:20:35,002 [WARN] PackLoader:240 - Cannot read IP mode file for STMicroelectronics.X-CUBE-ALS.1.0.1
2023-04-19 23:20:35,021 [WARN] PackLoader:240 - Cannot read IP mode file for STMicroelectronics.X-CUBE-BLE1.6.2.4
2023-04-19 23:20:35,033 [WARN] PackLoader:240 - Cannot read IP mode file for STMicroelectronics.X-CUBE-BLE2.3.3.0
2023-04-19 23:20:35,064 [WARN] PackLoader:240 - Cannot read IP mode file for STMicroelectronics.X-CUBE-BLEMGR.2.0.0
2023-04-19 23:20:35,102 [WARN] PackLoader:240 - Cannot read IP mode file for STMicroelectronics.X-CUBE-DISPLAY.3.0.0
2023-04-19 23:20:35,125 [INFO] CheckServerUpdateThread:120 - End of CheckServer Thread
2023-04-19 23:20:35,143 [WARN] PackLoader:240 - Cannot read IP mode file for STMicroelectronics.X-CUBE-EEPRMA1.4.1.0
2023-04-19 23:20:35,160 [WARN] PackLoader:240 - Cannot read IP mode file for STMicroelectronics.X-CUBE-FREERTOS.1.0.1
2023-04-19 23:20:35,178 [WARN] PackLoader:240 - Cannot read IP mode file for STMicroelectronics.X-CUBE-GNSS1.6.0.0
2023-04-19 23:20:35,194 [WARN] PackLoader:240 - Cannot read IP mode file for STMicroelectronics.X-CUBE-ISPU.1.1.0
2023-04-19 23:20:35,205 [INFO] McuFinderGlobals:66 - Set McuFinderConnectedMode to true
2023-04-19 23:20:35,345 [WARN] PackLoader:240 - Cannot read IP mode file for STMicroelectronics.X-CUBE-MEMS1.9.5.0
2023-04-19 23:20:35,668 [WARN] PackLoader:240 - Cannot read IP mode file for STMicroelectronics.X-CUBE-NFC4.3.0.0
2023-04-19 23:20:35,676 [WARN] PackLoader:240 - Cannot read IP mode file for STMicroelectronics.X-CUBE-NFC7.1.0.0
2023-04-19 23:20:35,689 [WARN] PackLoader:240 - Cannot read IP mode file for STMicroelectronics.X-CUBE-SFXS2LP1.4.0.0
2023-04-19 23:20:35,706 [WARN] PackLoader:240 - Cannot read IP mode file for STMicroelectronics.X-CUBE-SUBG2.5.0.0
2023-04-19 23:20:35,746 [WARN] PackLoader:240 - Cannot read IP mode file for STMicroelectronics.X-CUBE-SMBUS.2.1.0
2023-04-19 23:20:35,759 [WARN] PackLoader:240 - Cannot read IP mode file for STMicroelectronics.X-CUBE-TOF1.3.3.0
2023-04-19 23:20:35,781 [WARN] PackLoader:240 - Cannot read IP mode file for STMicroelectronics.X-CUBE-TOUCHGFX.4.21.3
2023-04-19 23:20:35,790 [WARN] PackLoader:240 - Cannot read IP mode file for STMicroelectronics.X-CUBE-ALGOBUILD.1.3.0
2023-04-19 23:20:35,810 [WARN] ConditionMgr:438 - getConditionDescription Invalid condition id : UX DEVICE CLASS RTOS Condition cause : null
2023-04-19 23:20:35,810 [WARN] ConditionMgr:438 - getConditionDescription Invalid condition id : UX DEVICE CLASS RTOS Condition cause : null
2023-04-19 23:20:35,817 [WARN] PackLoader:240 - Cannot read IP mode file for STMicroelectronics.X-CUBE-AZRTOS-H7.3.1.0
2023-04-19 23:20:35,819 [WARN] ConditionMgr:1039 - genDependencies : Invalid condition id : UX DEVICE CLASS RTOS Condition cause : null
2023-04-19 23:20:35,819 [WARN] ConditionMgr:1039 - genDependencies : Invalid condition id : UX DEVICE CLASS RTOS Condition cause : null
2023-04-19 23:20:35,820 [WARN] ConditionMgr:1039 - genDependencies : Invalid condition id : UX DEVICE CLASS RTOS Condition cause : null
2023-04-19 23:20:35,820 [WARN] ConditionMgr:1039 - genDependencies : Invalid condition id : UX DEVICE CLASS RTOS Condition cause : null
2023-04-19 23:20:35,821 [WARN] ConditionMgr:1039 - genDependencies : Invalid condition id : UX DEVICE CLASS RTOS Condition cause : null
2023-04-19 23:20:35,851 [WARN] PackLoader:240 - Cannot read IP mode file for STMicroelectronics.X-CUBE-AZRTOS-F4.1.1.0
2023-04-19 23:20:35,888 [WARN] PackLoader:240 - Cannot read IP mode file for STMicroelectronics.X-CUBE-AZRTOS-F7.1.1.0
2023-04-19 23:20:35,913 [WARN] PackLoader:240 - Cannot read IP mode file for STMicroelectronics.X-CUBE-AZRTOS-L4.1.0.0
2023-04-19 23:20:35,936 [WARN] PackLoader:240 - Cannot read IP mode file for STMicroelectronics.X-CUBE-AZRTOS-L5.1.1.0
2023-04-19 23:20:35,961 [WARN] PackLoader:240 - Cannot read IP mode file for STMicroelectronics.X-CUBE-AZRTOS-G0.1.1.0
2023-04-19 23:20:35,995 [WARN] PackLoader:240 - Cannot read IP mode file for STMicroelectronics.X-CUBE-AZRTOS-G4.1.0.0
2023-04-19 23:20:36,013 [WARN] PackLoader:240 - Cannot read IP mode file for STMicroelectronics.X-CUBE-AZRTOS-WB.1.1.0
2023-04-19 23:20:36,037 [WARN] PackLoader:240 - Cannot read IP mode file for STMicroelectronics.X-CUBE-AZRTOS-WL.1.0.0
2023-04-19 23:20:36,046 [WARN] PackLoader:240 - Cannot read IP mode file for wolfSSL.I-CUBE-wolfSSL.5.6.0
2023-04-19 23:20:36,092 [WARN] PackLoader:240 - Cannot read IP mode file for SEGGER.I-CUBE-embOS.1.3.1
2023-04-19 23:20:36,147 [WARN] MainUpdater:1187 - Updater busy. Cannot search thirdparties
2023-04-19 23:20:36,149 [INFO] ThirdPartyUpdaterWithRetryManager:96 - Updater plugin is busy. [12/15]
2023-04-19 23:20:36,168 [WARN] PackLoader:240 - Cannot read IP mode file for portGmbH.I-Cube-SoM-uGOAL.1.1.0
2023-04-19 23:20:36,180 [WARN] PackLoader:240 - Cannot read IP mode file for emotas.I-CUBE-CANOPEN.1.1.3
2023-04-19 23:20:36,188 [WARN] PackLoader:240 - Cannot read IP mode file for WES.I-CUBE-Cesium.1.3.0
2023-04-19 23:20:36,189 [INFO] PopulateThirdPartyThread:66 - Ending populate Thread
2023-04-19 23:20:36,195 [INFO] ThirdParty:1030 - CMSIS Pack Vendor :STMicroelectronics X-CUBE-ISPU 1.1.0
2023-04-19 23:20:36,196 [INFO] ThirdParty:1030 - CMSIS Pack Vendor :STMicroelectronics X-CUBE-DISPLAY 3.0.0
2023-04-19 23:20:36,196 [INFO] ThirdParty:1030 - CMSIS Pack Vendor :STMicroelectronics X-CUBE-GNSS1 6.0.0
2023-04-19 23:20:36,196 [INFO] ThirdParty:1030 - CMSIS Pack Vendor :STMicroelectronics X-CUBE-AZRTOS-F4 1.1.0
2023-04-19 23:20:36,196 [INFO] ThirdParty:1030 - CMSIS Pack Vendor :STMicroelectronics FP-ATR-SIGFOX1 3.2.0
2023-04-19 23:20:36,196 [INFO] ThirdParty:1030 - CMSIS Pack Vendor :STMicroelectronics X-CUBE-AZRTOS-G4 1.0.0
2023-04-19 23:20:36,196 [INFO] ThirdParty:1030 - CMSIS Pack Vendor :STMicroelectronics X-CUBE-SMBUS 2.1.0
2023-04-19 23:20:36,196 [INFO] ThirdParty:1030 - CMSIS Pack Vendor :STMicroelectronics X-CUBE-AZRTOS-L4 1.0.0
2023-04-19 23:20:36,196 [INFO] ThirdParty:1030 - CMSIS Pack Vendor :wolfSSL I-CUBE-wolfSSL 5.6.0
2023-04-19 23:20:36,196 [INFO] ThirdParty:1030 - CMSIS Pack Vendor :STMicroelectronics X-CUBE-AI 8.0.0
2023-04-19 23:20:36,196 [INFO] ThirdParty:1030 - CMSIS Pack Vendor :STMicroelectronics X-CUBE-FREERTOS 1.0.1
2023-04-19 23:20:36,196 [INFO] ThirdParty:1030 - CMSIS Pack Vendor :STMicroelectronics X-CUBE-NFC7 1.0.0
2023-04-19 23:20:36,196 [INFO] ThirdParty:1030 - CMSIS Pack Vendor :STMicroelectronics X-CUBE-TOUCHGFX 4.21.3
2023-04-19 23:20:36,197 [INFO] ThirdParty:1030 - CMSIS Pack Vendor :STMicroelectronics X-CUBE-AZRTOS-WL 1.0.0
2023-04-19 23:20:36,197 [INFO] ThirdParty:1030 - CMSIS Pack Vendor :STMicroelectronics X-CUBE-AZRTOS-F7 1.1.0
2023-04-19 23:20:36,197 [INFO] ThirdParty:1030 - CMSIS Pack Vendor :STMicroelectronics X-CUBE-ALS 1.0.1
2023-04-19 23:20:36,197 [INFO] ThirdParty:1030 - CMSIS Pack Vendor :STMicroelectronics X-CUBE-EEPRMA1 4.1.0
2023-04-19 23:20:36,197 [INFO] ThirdParty:1030 - CMSIS Pack Vendor :portGmbH I-Cube-SoM-uGOAL 1.1.0
2023-04-19 23:20:36,197 [INFO] ThirdParty:1030 - CMSIS Pack Vendor :STMicroelectronics X-CUBE-MEMS1 9.5.0
2023-04-19 23:20:36,197 [INFO] ThirdParty:1030 - CMSIS Pack Vendor :STMicroelectronics X-CUBE-AZRTOS-WB 1.1.0
2023-04-19 23:20:36,197 [INFO] ThirdParty:1030 - CMSIS Pack Vendor :STMicroelectronics X-CUBE-ALGOBUILD 1.3.0
2023-04-19 23:20:36,197 [INFO] ThirdParty:1030 - CMSIS Pack Vendor :SEGGER I-CUBE-embOS 1.3.1
2023-04-19 23:20:36,198 [INFO] ThirdParty:1030 - CMSIS Pack Vendor :STMicroelectronics X-CUBE-BLE1 6.2.4
2023-04-19 23:20:36,198 [INFO] ThirdParty:1030 - CMSIS Pack Vendor :STMicroelectronics X-CUBE-AZRTOS-L5 1.1.0
2023-04-19 23:20:36,198 [INFO] ThirdParty:1030 - CMSIS Pack Vendor :STMicroelectronics X-CUBE-AZRTOS-G0 1.1.0
2023-04-19 23:20:36,198 [INFO] ThirdParty:1030 - CMSIS Pack Vendor :emotas I-CUBE-CANOPEN 1.1.3
2023-04-19 23:20:36,199 [INFO] ThirdParty:1030 - CMSIS Pack Vendor :STMicroelectronics X-CUBE-BLEMGR 2.0.0
2023-04-19 23:20:36,199 [INFO] ThirdParty:1030 - CMSIS Pack Vendor :STMicroelectronics X-CUBE-NFC4 3.0.0
2023-04-19 23:20:36,199 [INFO] ThirdParty:1030 - CMSIS Pack Vendor :STMicroelectronics X-CUBE-SUBG2 5.0.0
2023-04-19 23:20:36,199 [INFO] ThirdParty:1030 - CMSIS Pack Vendor :STMicroelectronics FP-ATR-ASTRA1 2.0.0
2023-04-19 23:20:36,199 [INFO] ThirdParty:1030 - CMSIS Pack Vendor :WES I-CUBE-Cesium 1.3.0
2023-04-19 23:20:36,199 [INFO] ThirdParty:1030 - CMSIS Pack Vendor :STMicroelectronics X-CUBE-SFXS2LP1 4.0.0
2023-04-19 23:20:36,200 [INFO] ThirdParty:1030 - CMSIS Pack Vendor :STMicroelectronics X-CUBE-BLE2 3.3.0
2023-04-19 23:20:36,200 [INFO] ThirdParty:1030 - CMSIS Pack Vendor :STMicroelectronics X-CUBE-TOF1 3.3.0
2023-04-19 23:20:36,200 [INFO] ThirdParty:1030 - CMSIS Pack Vendor :STMicroelectronics X-CUBE-AZRTOS-H7 3.1.0
2023-04-19 23:20:36,200 [INFO] LoadServerUpdatesThread:373 - End of LoadServerUpdate Thread
2023-04-19 23:20:36,450 [INFO] ServerAccessManage:473 - Download File mcusAds.json._tmp_
2023-04-19 23:20:36,569 [INFO] LoadUrlFilesThread:156 - End of LoadUrlFiles Thread
2023-04-19 23:20:37,097 [INFO] ServerAccessManage:473 - Download File cube-finder-db.zip
2023-04-19 23:20:39,157 [WARN] MainUpdater:1187 - Updater busy. Cannot search thirdparties
2023-04-19 23:20:39,157 [INFO] ThirdPartyUpdaterWithRetryManager:96 - Updater plugin is busy. [13/15]
2023-04-19 23:20:42,170 [WARN] MainUpdater:1187 - Updater busy. Cannot search thirdparties
2023-04-19 23:20:42,170 [INFO] ThirdPartyUpdaterWithRetryManager:96 - Updater plugin is busy. [14/15]
2023-04-19 23:20:45,183 [WARN] MainUpdater:1187 - Updater busy. Cannot search thirdparties
2023-04-19 23:20:45,183 [INFO] ThirdPartyUpdaterWithRetryManager:96 - Updater plugin is busy. [15/15]
2023-04-19 23:20:45,184 [ERROR] IntegrityCheckThread:130 - Cannot retrieve database content from updater: error -1
2023-04-19 23:20:45,184 [INFO] ThirdParty:978 - Integrity check success = false
2023-04-19 23:20:45,184 [INFO] IntegrityCheckThread:100 - exiting critical section [integrity check]
2023-04-19 23:20:45,184 [INFO] IntegrityCheckThread:103 - End integrity checks thread
2023-04-19 23:21:19,895 [INFO] FileExtend:240 - Unzip File : cube-finder-db.zip
2023-04-19 23:21:19,896 [INFO] FileExtend:255 - Standard Zip Deflate
2023-04-19 23:21:21,018 [INFO] LoadUrlFilesThread:156 - End of LoadUrlFiles Thread
2023-04-19 23:21:21,570 [INFO] ServerAccessManage:473 - Download File crdb.zip
2023-04-19 23:21:22,823 [INFO] FileExtend:240 - Unzip File : crdb.zip
2023-04-19 23:21:22,824 [INFO] FileExtend:255 - Standard Zip Deflate
2023-04-19 23:21:23,011 [INFO] LoadUrlFilesThread:156 - End of LoadUrlFiles Thread
2023-04-19 23:21:23,235 [INFO] ServerAccessManage:473 - Download File tutoVideoDB.zip
2023-04-19 23:21:23,348 [INFO] FileExtend:240 - Unzip File : tutoVideoDB.zip
2023-04-19 23:21:23,348 [INFO] FileExtend:255 - Standard Zip Deflate
2023-04-19 23:21:23,477 [INFO] LoadUrlFilesThread:156 - End of LoadUrlFiles Thread
2023-04-19 23:21:23,487 [WARN] DbFile:41 - Overriding database path with different value: C:\Users\Petric\.stmcufinder\plugins\mcufinder/ => C:\Users\Petric\.stmcufinder\plugins\mcufinder
2023-04-19 23:21:23,663 [INFO] ServerAccessManage:473 - Download File api_config.json
2023-04-19 23:21:23,775 [INFO] LoadUrlFilesThread:156 - End of LoadUrlFiles Thread
2023-04-19 23:21:23,786 [INFO] DbMcusAds:53 - JSON generation date=Tue Mar 07 09:50:55 CET 2023 (1678179055335)
2023-04-19 23:21:24,116 [INFO] ServerAccessManage:473 - Download File 
2023-04-19 23:21:24,152 [INFO] LoadUrlFilesThread:185 - End of LoadServerUrlFiles without Thread
2023-04-19 23:21:24,152 [INFO] TargetSelectorAdapter:259 - Refresh data is successful
2023-04-19 23:21:24,287 [INFO] ApiDb:581 - Connected to CubeFinder SQLite database (C:\Users\Petric\.stmcufinder\plugins\mcufinder\mcu\cube-finder-db.db)
2023-04-19 23:21:24,386 [INFO] ApiDb:668 - CubeFinder database Data Model version=2.1
2023-04-19 23:21:24,386 [INFO] ApiDb:669 - CubeFinder database Configuration version=3.0.35
2023-04-19 23:21:24,386 [INFO] ApiDb:670 - CubeFinder database generation date=2023-03-10 (1678456172)
2023-04-19 23:21:24,387 [INFO] ApiDb:671 - CubeFinder database FW Pack versions=[FP-ATR-ASTRA1_V1.1.1, STM32Cube_FW_C0_V1.0.1, STM32Cube_FW_F0_V1.11.4, STM32Cube_FW_F3_V1.11.4, STM32Cube_FW_F4_V1.27.1, STM32Cube_FW_F7_V1.17.0, STM32Cube_FW_G0_V1.6.1, STM32Cube_FW_G4_V1.5.1, STM32Cube_FW_H5_V0.5.1, STM32Cube_FW_H5_V1.0.0, STM32Cube_FW_H7_V1.11.0, STM32Cube_FW_L0_V1.12.2, STM32Cube_FW_L5_V1.5.0, STM32Cube_FW_U5_V1.2.0, STM32Cube_FW_WBA_V1.0.0, STM32Cube_FW_WBA_V1.0.0RC1, STM32Cube_FW_WBA_V1.0.0RC3, STM32Cube_FW_WB_V1.15.0RC1, STM32Cube_FW_WB_V1.16.0, STM32Cube_FW_WB_V1.16.0RC2, STM32Cube_FW_WL_V1.3.0, X-CUBE-ALGOBUILD_V1.3.0, X-CUBE-ALS_V1.0.1, X-CUBE-AZRTOS-F4_V1.1.0, X-CUBE-AZRTOS-F7_V1.1.0, X-CUBE-AZRTOS-G0_V1.1.0, X-CUBE-AZRTOS-G4_V1.0.0, X-CUBE-AZRTOS-H7_V3.0.0, X-CUBE-AZRTOS-L4_V1.0.0, X-CUBE-AZRTOS-L5_V1.1.0, X-CUBE-AZRTOS-WB_V1.1.0, X-CUBE-AZRTOS-WL_V1.0.0, X-CUBE-BLE1_V6.2.4, X-CUBE-BLE2_V3.3.0, X-CUBE-BLEMGR_V1.3.0, X-CUBE-EEPRMA1_V4.1.0, X-CUBE-GNSS1_V6.0.0, X-CUBE-MEMS1_V9.1.0, X-CUBE-MEMS1_V9.4.0, X-CUBE-MEMS1_V9.5.0, X-CUBE-NFC4_V3.0.0, X-CUBE-NFC7_V1.0.0, X-CUBE-SFXS2LP1_V4.0.0, X-CUBE-SUBG2_V5.0.0]
2023-04-19 23:21:27,367 [INFO] ApiDb:240 - Found 297 in-development CPN: [B-G473E-ZEST1S, B-WB1M-WPAN1, B-WL5M-SUBG1, NUCLEO-C031C6, NUCLEO-H503RB, NUCLEO-H563ZI, NUCLEO-U545RE-Q, NUCLEO-U5A5ZJ-Q, NUCLEO-WBA52CG, STEVAL-PROTEUS1, STEVAL-STWINBX1, STM320518-EVAL, STM32C0116-DK, STM32C011D6Y3TR, STM32C011D6Y6TR, STM32C011F4P3, STM32C011F4P6, STM32C011F4U3, STM32C011F4U6TR, STM32C011F6P3, STM32C011F6P6, STM32C011F6U3, STM32C011F6U6TR, STM32C011J4M3, STM32C011J4M6, STM32C011J6M3, STM32C011J6M6, STM32C0316-DK, STM32C031C4T3, STM32C031C4T6, STM32C031C4U3, STM32C031C4U6, STM32C031C6T3, STM32C031C6T6, STM32C031C6U3, STM32C031C6U6, STM32C031F4P3, STM32C031F4P6, STM32C031F6P3, STM32C031F6P6, STM32C031G4U3, STM32C031G4U6, STM32C031G6U3, STM32C031G6U6, STM32C031K4T3, STM32C031K4T6, STM32C031K4U3, STM32C031K4U6, STM32C031K6T3, STM32C031K6T6, STM32C031K6U3, STM32C031K6U6, STM32G071K8TXN, STM32G071K8UXN, STM32G081GBU6N, STM32G081KBT6N, STM32G081KBUXN, STM32G0B1CCT6N, STM32G0B1KCT6, STM32G0B1NEY6TR, STM32G0B1RCT6N, STM32G0C1CCT6, STM32G0C1CCT6N, STM32G0C1CCU6N, STM32G0C1CET6N, STM32G0C1CEU6N, STM32G0C1KCT6, STM32G0C1NEY6TR, STM32G0C1RCI6N, STM32G0C1RCT6N, STM32G0C1REI6N, STM32G0C1RET6N, STM32G0C1VCI6, STM32G0C1VEI6, STM32G471CCT6, STM32G471CCU6, STM32G471CET3, STM32G471CET6, STM32G471CEU3, STM32G471CEU6, STM32G471MCT6, STM32G471MET3, STM32G471MET6, STM32G471MEY6TR, STM32G471QCT6, STM32G471QET3, STM32G471RCT6, STM32G471RET3, STM32G471RET6, STM32G471VCH6, STM32G471VCI6, STM32G471VCT6, STM32G471VEH3, STM32G471VEH6, STM32G471VEI3, STM32G471VEI6, STM32G471VET3, STM32G471VET6, STM32G474CCT6, STM32H503CBT6, STM32H503CBU6, STM32H503EBY6TR, STM32H503KBU6, STM32H503RBT6, STM32H562AGI6, STM32H562AII6, STM32H562IGK6, STM32H562IGT6, STM32H562IIK6, STM32H562IIT6, STM32H562RGT6, STM32H562RGV6, STM32H562RIT6, STM32H562RIV6, STM32H562VGT6, STM32H562VIT6, STM32H562ZGT6, STM32H562ZIT6, STM32H563AGI6, STM32H563AII3Q, STM32H563AII6, STM32H563IGK6, STM32H563IGT6, STM32H563IIK3Q, STM32H563IIK6, STM32H563IIT3Q, STM32H563IIT6, STM32H563MIY3QTR, STM32H563RGT6, STM32H563RGV6, STM32H563RIT6, STM32H563RIV6, STM32H563VGT6, STM32H563VIT3Q, STM32H563VIT6, STM32H563ZGT6, STM32H563ZIT3Q, STM32H563ZIT6, STM32H573AII3Q, STM32H573AII6, STM32H573I-DK, STM32H573IIK3Q, STM32H573IIK6, STM32H573IIT3Q, STM32H573IIT6, STM32H573MIY3QTR, STM32H573RIT6, STM32H573RIV6, STM32H573VIT3Q, STM32H573VIT6, STM32H573ZIT3Q, STM32H573ZIT6, STM32L4R5QGI6STR, STM32MP131AAE3, STM32MP131AAF3, STM32MP131AAG3, STM32MP131CAE3, STM32MP131CAF3, STM32MP131CAG3, STM32MP131DAE7, STM32MP131DAF7, STM32MP131DAG7, STM32MP131FAE7, STM32MP131FAF7, STM32MP131FAG7, STM32MP133AAE3, STM32MP133AAF3, STM32MP133AAG3, STM32MP133CAE3, STM32MP133CAF3, STM32MP133CAG3, STM32MP133DAE7, STM32MP133DAF7, STM32MP133DAG7, STM32MP133FAE7, STM32MP133FAF7, STM32MP133FAG7, STM32MP135AAE3, STM32MP135AAF3, STM32MP135AAG3, STM32MP135CAE3, STM32MP135CAF3, STM32MP135CAG3, STM32MP135DAE7, STM32MP135DAF7, STM32MP135DAG7, STM32MP135F-DK, STM32MP135FAE7, STM32MP135FAF7, STM32MP135FAF7T, STM32MP135FAF7U, STM32MP135FAG7, STM32U535CBT6, STM32U535CBT6Q, STM32U535CBU6, STM32U535CBU6Q, STM32U535CCT6, STM32U535CCT6Q, STM32U535CCU6, STM32U535CCU6Q, STM32U535CET6, STM32U535CET6Q, STM32U535CEU6, STM32U535CEU6Q, STM32U535JEY6QTR, STM32U535NCY6QTR, STM32U535NEY6QTR, STM32U535RBI6, STM32U535RBI6Q, STM32U535RBT6, STM32U535RBT6Q, STM32U535RCI6, STM32U535RCI6Q, STM32U535RCT6, STM32U535RCT6Q, STM32U535REI6, STM32U535REI6Q, STM32U535RET6, STM32U535RET6Q, STM32U535VCI6, STM32U535VCI6Q, STM32U535VCT6, STM32U535VCT6Q, STM32U535VEI6, STM32U535VEI6Q, STM32U535VET6, STM32U535VET6Q, STM32U545CET6, STM32U545CET6Q, STM32U545CEU6, STM32U545CEU6Q, STM32U545JEY6QTR, STM32U545NEY6QTR, STM32U545REI6, STM32U545REI6Q, STM32U545RET6, STM32U545RET6Q, STM32U545VEI6, STM32U545VEI6Q, STM32U545VET6, STM32U545VET6Q, STM32U595AIH6, STM32U595AIH6Q, STM32U595AJH6, STM32U595AJH6Q, STM32U595QII6, STM32U595QII6Q, STM32U595QJI6, STM32U595QJI6Q, STM32U595RIT6, STM32U595RIT6Q, STM32U595RJT6, STM32U595RJT6Q, STM32U595VIT6, STM32U595VIT6Q, STM32U595VJT6, STM32U595VJT6Q, STM32U595ZIT6, STM32U595ZIT6Q, STM32U595ZIY6QTR, STM32U595ZJT6, STM32U595ZJT6Q, STM32U595ZJY6QTR, STM32U599BJY6QTR, STM32U599NIH6Q, STM32U599NJH6Q, STM32U599VIT6Q, STM32U599VJT6, STM32U599VJT6Q, STM32U599ZIT6Q, STM32U599ZIY6QTR, STM32U599ZJT6Q, STM32U599ZJY6QTR, STM32U5A5AJH6, STM32U5A5AJH6Q, STM32U5A5QJI6, STM32U5A5QJI6Q, STM32U5A5RJT6, STM32U5A5RJT6Q, STM32U5A5VJT6, STM32U5A5VJT6Q, STM32U5A5ZJT6, STM32U5A5ZJT6Q, STM32U5A5ZJY6QTR, STM32U5A9BJY6QTR, STM32U5A9J-DK, STM32U5A9NJH6Q, STM32U5A9VJT6Q, STM32U5A9ZJT6Q, STM32U5A9ZJY6QTR, STM32WB1MMCH6, STM32WBA52CEU6, STM32WBA52CEU6T, STM32WBA52CGU6, STM32WBA52CGU6T, STM32WL5MOCH6, STM32WL5MOCH6TR]
2023-04-19 23:21:27,372 [INFO] DbMcus:216 - Found 3775 MCUs, 3775 are supported
2023-04-19 23:21:27,373 [INFO] ApiDb:414 - User favorites file not found: C:\Users\Petric/.stm32cubeide/favorites.mcus.txt
2023-04-19 23:21:27,374 [INFO] DbMcus:222 - Set 0 / 0 favorites MCUs
2023-04-19 23:21:27,727 [INFO] ApiDb:668 - CubeFinder database Data Model version=2.1
2023-04-19 23:21:27,728 [INFO] ApiDb:669 - CubeFinder database Configuration version=3.0.35
2023-04-19 23:21:27,728 [INFO] ApiDb:670 - CubeFinder database generation date=2023-03-10 (1678456172)
2023-04-19 23:21:27,728 [INFO] ApiDb:671 - CubeFinder database FW Pack versions=[FP-ATR-ASTRA1_V1.1.1, STM32Cube_FW_C0_V1.0.1, STM32Cube_FW_F0_V1.11.4, STM32Cube_FW_F3_V1.11.4, STM32Cube_FW_F4_V1.27.1, STM32Cube_FW_F7_V1.17.0, STM32Cube_FW_G0_V1.6.1, STM32Cube_FW_G4_V1.5.1, STM32Cube_FW_H5_V0.5.1, STM32Cube_FW_H5_V1.0.0, STM32Cube_FW_H7_V1.11.0, STM32Cube_FW_L0_V1.12.2, STM32Cube_FW_L5_V1.5.0, STM32Cube_FW_U5_V1.2.0, STM32Cube_FW_WBA_V1.0.0, STM32Cube_FW_WBA_V1.0.0RC1, STM32Cube_FW_WBA_V1.0.0RC3, STM32Cube_FW_WB_V1.15.0RC1, STM32Cube_FW_WB_V1.16.0, STM32Cube_FW_WB_V1.16.0RC2, STM32Cube_FW_WL_V1.3.0, X-CUBE-ALGOBUILD_V1.3.0, X-CUBE-ALS_V1.0.1, X-CUBE-AZRTOS-F4_V1.1.0, X-CUBE-AZRTOS-F7_V1.1.0, X-CUBE-AZRTOS-G0_V1.1.0, X-CUBE-AZRTOS-G4_V1.0.0, X-CUBE-AZRTOS-H7_V3.0.0, X-CUBE-AZRTOS-L4_V1.0.0, X-CUBE-AZRTOS-L5_V1.1.0, X-CUBE-AZRTOS-WB_V1.1.0, X-CUBE-AZRTOS-WL_V1.0.0, X-CUBE-BLE1_V6.2.4, X-CUBE-BLE2_V3.3.0, X-CUBE-BLEMGR_V1.3.0, X-CUBE-EEPRMA1_V4.1.0, X-CUBE-GNSS1_V6.0.0, X-CUBE-MEMS1_V9.1.0, X-CUBE-MEMS1_V9.4.0, X-CUBE-MEMS1_V9.5.0, X-CUBE-NFC4_V3.0.0, X-CUBE-NFC7_V1.0.0, X-CUBE-SFXS2LP1_V4.0.0, X-CUBE-SUBG2_V5.0.0]
2023-04-19 23:21:27,834 [INFO] DbBoardsSqlite:226 - include board P-NUCLEO-WB55-NUCLEO as a kit item of type 'Nucleo-64'
2023-04-19 23:21:27,834 [INFO] DbBoardsSqlite:226 - include board P-NUCLEO-WB55-USBDONGLE as a kit item of type 'Nucleo USB Dongle'
2023-04-19 23:21:27,835 [INFO] DbBoardsSqlite:226 - include board STEVAL-IDP005V1 as a kit item of type 'Evaluation Board'
2023-04-19 23:21:27,835 [INFO] DbBoardsSqlite:226 - include board STEVAL-IDP005V2 as a kit item of type 'Evaluation Board'
2023-04-19 23:21:27,925 [INFO] ApiDb:240 - Found 297 in-development CPN: [B-G473E-ZEST1S, B-WB1M-WPAN1, B-WL5M-SUBG1, NUCLEO-C031C6, NUCLEO-H503RB, NUCLEO-H563ZI, NUCLEO-U545RE-Q, NUCLEO-U5A5ZJ-Q, NUCLEO-WBA52CG, STEVAL-PROTEUS1, STEVAL-STWINBX1, STM320518-EVAL, STM32C0116-DK, STM32C011D6Y3TR, STM32C011D6Y6TR, STM32C011F4P3, STM32C011F4P6, STM32C011F4U3, STM32C011F4U6TR, STM32C011F6P3, STM32C011F6P6, STM32C011F6U3, STM32C011F6U6TR, STM32C011J4M3, STM32C011J4M6, STM32C011J6M3, STM32C011J6M6, STM32C0316-DK, STM32C031C4T3, STM32C031C4T6, STM32C031C4U3, STM32C031C4U6, STM32C031C6T3, STM32C031C6T6, STM32C031C6U3, STM32C031C6U6, STM32C031F4P3, STM32C031F4P6, STM32C031F6P3, STM32C031F6P6, STM32C031G4U3, STM32C031G4U6, STM32C031G6U3, STM32C031G6U6, STM32C031K4T3, STM32C031K4T6, STM32C031K4U3, STM32C031K4U6, STM32C031K6T3, STM32C031K6T6, STM32C031K6U3, STM32C031K6U6, STM32G071K8TXN, STM32G071K8UXN, STM32G081GBU6N, STM32G081KBT6N, STM32G081KBUXN, STM32G0B1CCT6N, STM32G0B1KCT6, STM32G0B1NEY6TR, STM32G0B1RCT6N, STM32G0C1CCT6, STM32G0C1CCT6N, STM32G0C1CCU6N, STM32G0C1CET6N, STM32G0C1CEU6N, STM32G0C1KCT6, STM32G0C1NEY6TR, STM32G0C1RCI6N, STM32G0C1RCT6N, STM32G0C1REI6N, STM32G0C1RET6N, STM32G0C1VCI6, STM32G0C1VEI6, STM32G471CCT6, STM32G471CCU6, STM32G471CET3, STM32G471CET6, STM32G471CEU3, STM32G471CEU6, STM32G471MCT6, STM32G471MET3, STM32G471MET6, STM32G471MEY6TR, STM32G471QCT6, STM32G471QET3, STM32G471RCT6, STM32G471RET3, STM32G471RET6, STM32G471VCH6, STM32G471VCI6, STM32G471VCT6, STM32G471VEH3, STM32G471VEH6, STM32G471VEI3, STM32G471VEI6, STM32G471VET3, STM32G471VET6, STM32G474CCT6, STM32H503CBT6, STM32H503CBU6, STM32H503EBY6TR, STM32H503KBU6, STM32H503RBT6, STM32H562AGI6, STM32H562AII6, STM32H562IGK6, STM32H562IGT6, STM32H562IIK6, STM32H562IIT6, STM32H562RGT6, STM32H562RGV6, STM32H562RIT6, STM32H562RIV6, STM32H562VGT6, STM32H562VIT6, STM32H562ZGT6, STM32H562ZIT6, STM32H563AGI6, STM32H563AII3Q, STM32H563AII6, STM32H563IGK6, STM32H563IGT6, STM32H563IIK3Q, STM32H563IIK6, STM32H563IIT3Q, STM32H563IIT6, STM32H563MIY3QTR, STM32H563RGT6, STM32H563RGV6, STM32H563RIT6, STM32H563RIV6, STM32H563VGT6, STM32H563VIT3Q, STM32H563VIT6, STM32H563ZGT6, STM32H563ZIT3Q, STM32H563ZIT6, STM32H573AII3Q, STM32H573AII6, STM32H573I-DK, STM32H573IIK3Q, STM32H573IIK6, STM32H573IIT3Q, STM32H573IIT6, STM32H573MIY3QTR, STM32H573RIT6, STM32H573RIV6, STM32H573VIT3Q, STM32H573VIT6, STM32H573ZIT3Q, STM32H573ZIT6, STM32L4R5QGI6STR, STM32MP131AAE3, STM32MP131AAF3, STM32MP131AAG3, STM32MP131CAE3, STM32MP131CAF3, STM32MP131CAG3, STM32MP131DAE7, STM32MP131DAF7, STM32MP131DAG7, STM32MP131FAE7, STM32MP131FAF7, STM32MP131FAG7, STM32MP133AAE3, STM32MP133AAF3, STM32MP133AAG3, STM32MP133CAE3, STM32MP133CAF3, STM32MP133CAG3, STM32MP133DAE7, STM32MP133DAF7, STM32MP133DAG7, STM32MP133FAE7, STM32MP133FAF7, STM32MP133FAG7, STM32MP135AAE3, STM32MP135AAF3, STM32MP135AAG3, STM32MP135CAE3, STM32MP135CAF3, STM32MP135CAG3, STM32MP135DAE7, STM32MP135DAF7, STM32MP135DAG7, STM32MP135F-DK, STM32MP135FAE7, STM32MP135FAF7, STM32MP135FAF7T, STM32MP135FAF7U, STM32MP135FAG7, STM32U535CBT6, STM32U535CBT6Q, STM32U535CBU6, STM32U535CBU6Q, STM32U535CCT6, STM32U535CCT6Q, STM32U535CCU6, STM32U535CCU6Q, STM32U535CET6, STM32U535CET6Q, STM32U535CEU6, STM32U535CEU6Q, STM32U535JEY6QTR, STM32U535NCY6QTR, STM32U535NEY6QTR, STM32U535RBI6, STM32U535RBI6Q, STM32U535RBT6, STM32U535RBT6Q, STM32U535RCI6, STM32U535RCI6Q, STM32U535RCT6, STM32U535RCT6Q, STM32U535REI6, STM32U535REI6Q, STM32U535RET6, STM32U535RET6Q, STM32U535VCI6, STM32U535VCI6Q, STM32U535VCT6, STM32U535VCT6Q, STM32U535VEI6, STM32U535VEI6Q, STM32U535VET6, STM32U535VET6Q, STM32U545CET6, STM32U545CET6Q, STM32U545CEU6, STM32U545CEU6Q, STM32U545JEY6QTR, STM32U545NEY6QTR, STM32U545REI6, STM32U545REI6Q, STM32U545RET6, STM32U545RET6Q, STM32U545VEI6, STM32U545VEI6Q, STM32U545VET6, STM32U545VET6Q, STM32U595AIH6, STM32U595AIH6Q, STM32U595AJH6, STM32U595AJH6Q, STM32U595QII6, STM32U595QII6Q, STM32U595QJI6, STM32U595QJI6Q, STM32U595RIT6, STM32U595RIT6Q, STM32U595RJT6, STM32U595RJT6Q, STM32U595VIT6, STM32U595VIT6Q, STM32U595VJT6, STM32U595VJT6Q, STM32U595ZIT6, STM32U595ZIT6Q, STM32U595ZIY6QTR, STM32U595ZJT6, STM32U595ZJT6Q, STM32U595ZJY6QTR, STM32U599BJY6QTR, STM32U599NIH6Q, STM32U599NJH6Q, STM32U599VIT6Q, STM32U599VJT6, STM32U599VJT6Q, STM32U599ZIT6Q, STM32U599ZIY6QTR, STM32U599ZJT6Q, STM32U599ZJY6QTR, STM32U5A5AJH6, STM32U5A5AJH6Q, STM32U5A5QJI6, STM32U5A5QJI6Q, STM32U5A5RJT6, STM32U5A5RJT6Q, STM32U5A5VJT6, STM32U5A5VJT6Q, STM32U5A5ZJT6, STM32U5A5ZJT6Q, STM32U5A5ZJY6QTR, STM32U5A9BJY6QTR, STM32U5A9J-DK, STM32U5A9NJH6Q, STM32U5A9VJT6Q, STM32U5A9ZJT6Q, STM32U5A9ZJY6QTR, STM32WB1MMCH6, STM32WBA52CEU6, STM32WBA52CEU6T, STM32WBA52CGU6, STM32WBA52CGU6T, STM32WL5MOCH6, STM32WL5MOCH6TR]
2023-04-19 23:21:28,272 [INFO] BoardInfo:880 - No configuration file found for board P-NUCLEO-WB55
2023-04-19 23:21:28,272 [INFO] DbBoards:157 - Kit is not supported: P-NUCLEO-WB55
2023-04-19 23:21:28,312 [INFO] BoardInfo:880 - No configuration file found for board STEVAL-BFA001V1B
2023-04-19 23:21:28,314 [INFO] DbBoards:157 - Kit is not supported: STEVAL-BFA001V1B
2023-04-19 23:21:28,317 [INFO] BoardInfo:880 - No configuration file found for board STEVAL-BFA001V2B
2023-04-19 23:21:28,317 [INFO] DbBoards:157 - Kit is not supported: STEVAL-BFA001V2B
2023-04-19 23:21:28,600 [INFO] DbBoards:161 - Found 187 boards, 184 are supported
2023-04-19 23:21:28,603 [INFO] ApiDb:414 - User favorites file not found: C:\Users\Petric/.stm32cubeide/favorites.boards.txt
2023-04-19 23:21:28,603 [INFO] DbBoards:190 - Set 0 / 0 favorites Boards
2023-04-19 23:21:28,607 [INFO] ApiDb:668 - CubeFinder database Data Model version=2.1
2023-04-19 23:21:28,607 [INFO] ApiDb:669 - CubeFinder database Configuration version=3.0.35
2023-04-19 23:21:28,607 [INFO] ApiDb:670 - CubeFinder database generation date=2023-03-10 (1678456172)
2023-04-19 23:21:28,607 [INFO] ApiDb:671 - CubeFinder database FW Pack versions=[FP-ATR-ASTRA1_V1.1.1, STM32Cube_FW_C0_V1.0.1, STM32Cube_FW_F0_V1.11.4, STM32Cube_FW_F3_V1.11.4, STM32Cube_FW_F4_V1.27.1, STM32Cube_FW_F7_V1.17.0, STM32Cube_FW_G0_V1.6.1, STM32Cube_FW_G4_V1.5.1, STM32Cube_FW_H5_V0.5.1, STM32Cube_FW_H5_V1.0.0, STM32Cube_FW_H7_V1.11.0, STM32Cube_FW_L0_V1.12.2, STM32Cube_FW_L5_V1.5.0, STM32Cube_FW_U5_V1.2.0, STM32Cube_FW_WBA_V1.0.0, STM32Cube_FW_WBA_V1.0.0RC1, STM32Cube_FW_WBA_V1.0.0RC3, STM32Cube_FW_WB_V1.15.0RC1, STM32Cube_FW_WB_V1.16.0, STM32Cube_FW_WB_V1.16.0RC2, STM32Cube_FW_WL_V1.3.0, X-CUBE-ALGOBUILD_V1.3.0, X-CUBE-ALS_V1.0.1, X-CUBE-AZRTOS-F4_V1.1.0, X-CUBE-AZRTOS-F7_V1.1.0, X-CUBE-AZRTOS-G0_V1.1.0, X-CUBE-AZRTOS-G4_V1.0.0, X-CUBE-AZRTOS-H7_V3.0.0, X-CUBE-AZRTOS-L4_V1.0.0, X-CUBE-AZRTOS-L5_V1.1.0, X-CUBE-AZRTOS-WB_V1.1.0, X-CUBE-AZRTOS-WL_V1.0.0, X-CUBE-BLE1_V6.2.4, X-CUBE-BLE2_V3.3.0, X-CUBE-BLEMGR_V1.3.0, X-CUBE-EEPRMA1_V4.1.0, X-CUBE-GNSS1_V6.0.0, X-CUBE-MEMS1_V9.1.0, X-CUBE-MEMS1_V9.4.0, X-CUBE-MEMS1_V9.5.0, X-CUBE-NFC4_V3.0.0, X-CUBE-NFC7_V1.0.0, X-CUBE-SFXS2LP1_V4.0.0, X-CUBE-SUBG2_V5.0.0]
2023-04-19 23:21:30,266 [INFO] DbExamplesSqlite:376 - Ignored 46 examples not supported by CubeIDE
2023-04-19 23:21:30,267 [INFO] DbExamplesSqlite:377 - Found 7328 examples active
2023-04-19 23:21:30,268 [INFO] DbExamplesSqlite:378 - Found 1095 examples obsolete
2023-04-19 23:21:30,268 [INFO] DbExamplesSqlite:379 - Found 0 examples under development
2023-04-19 23:21:30,268 [INFO] DbExamplesSqlite:380 - Found 77 examples not building
2023-04-19 23:21:30,271 [INFO] DbExamples:125 - Found 7359 examples
2023-04-19 23:21:30,293 [INFO] DbExamples:222 - Found 92 boards with related examples
2023-04-19 23:21:30,294 [INFO] DbExamples:235 - Found 78 MCUs with related examples
2023-04-19 23:21:30,341 [INFO] ApiDb:414 - User favorites file not found: C:\Users\Petric/.stm32cubeide/favorites.examples.txt
2023-04-19 23:21:30,341 [INFO] DbExamples:250 - Set 0 / 0 favorites Examples
2023-04-19 23:21:34,276 [INFO] McuFinderGlobals:66 - Set McuFinderConnectedMode to true
2023-04-19 23:21:34,286 [INFO] MultiScanPanel:200 - Auto-refresh data requested => check proxy status ongoing
2023-04-19 23:21:34,290 [INFO] FinderPluginLoader:95 - Searching for filters in installed packs
2023-04-19 23:21:36,701 [INFO] LoadUrlFilesThread:185 - End of LoadServerUrlFiles without Thread
2023-04-19 23:21:36,711 [INFO] DetailPanel:341 - Set advertising image to C:/Users/Petric/STM32Cube/Repository/\en.prom-stm32h5-mcu-finder.jpg
2023-04-19 23:24:15,672 [INFO] MainUpdater:2854 - connection check result : 10
2023-04-19 23:24:15,673 [INFO] MainUpdater:2854 - connection check result : 10
2023-04-19 23:24:15,714 [INFO] MicroXplorer:468 - Change Database Path : 
2023-04-19 23:24:15,715 [INFO] MicroXplorer:498 - Change Database Version : DB.6.0.80
2023-04-19 23:24:15,715 [WARN] ThirdParty:871 - waiting for thirdparty lock release [close project]
2023-04-19 23:24:15,715 [INFO] ThirdParty:873 - entering critical section [close project]
2023-04-19 23:24:15,716 [INFO] ThirdParty:883 - exiting critical section [close project]
2023-04-19 23:24:15,724 [INFO] PinOutPanel:1499 - setPackage(No Configuration,No Configuration)
2023-04-19 23:24:15,732 [INFO] UtilMem:75 - Begin LoadConfig() Used Memory: 438802944 Bytes (636485632)
2023-04-19 23:24:15,734 [INFO] MicroXplorer:468 - Change Database Path : 
2023-04-19 23:24:15,745 [INFO] MicroXplorer:498 - Change Database Version : DB.6.0.80
2023-04-19 23:24:15,745 [INFO] OpenFileManager:308 - Change cursor
2023-04-19 23:24:15,800 [WARN] IntegrityCheckThread:84 - waiting for thirdparty lock release [integrity check]
2023-04-19 23:24:15,800 [INFO] IntegrityCheckThread:86 - entering critical section [integrity check]
2023-04-19 23:24:16,083 [WARN] PackLoader:240 - Cannot read IP mode file for STMicroelectronics.X-CUBE-GNSS1.6.0.0
2023-04-19 23:24:16,110 [WARN] PackLoader:240 - Cannot read IP mode file for STMicroelectronics.X-CUBE-AZRTOS-F4.1.1.0
2023-04-19 23:24:16,119 [WARN] PackLoader:240 - Cannot read IP mode file for STMicroelectronics.X-CUBE-SMBUS.2.1.0
2023-04-19 23:24:16,125 [WARN] PackLoader:240 - Cannot read IP mode file for wolfSSL.I-CUBE-wolfSSL.5.6.0
2023-04-19 23:24:16,149 [WARN] PackLoader:240 - Cannot read IP mode file for STMicroelectronics.X-CUBE-AZRTOS-F7.1.1.0
2023-04-19 23:24:16,159 [WARN] PackLoader:240 - Cannot read IP mode file for STMicroelectronics.X-CUBE-BLE1.6.2.4
2023-04-19 23:24:16,195 [WARN] PackLoader:240 - Cannot read IP mode file for emotas.I-CUBE-CANOPEN.1.1.3
2023-04-19 23:24:16,206 [WARN] PackLoader:240 - Cannot read IP mode file for STMicroelectronics.X-CUBE-BLEMGR.2.0.0
2023-04-19 23:24:16,233 [WARN] ConditionMgr:438 - getConditionDescription Invalid condition id : UX DEVICE CLASS RTOS Condition cause : null
2023-04-19 23:24:16,233 [WARN] ConditionMgr:438 - getConditionDescription Invalid condition id : UX DEVICE CLASS RTOS Condition cause : null
2023-04-19 23:24:16,238 [WARN] PackLoader:240 - Cannot read IP mode file for STMicroelectronics.X-CUBE-AZRTOS-H7.3.1.0
2023-04-19 23:24:16,239 [WARN] ConditionMgr:1039 - genDependencies : Invalid condition id : UX DEVICE CLASS RTOS Condition cause : null
2023-04-19 23:24:16,240 [WARN] ConditionMgr:1039 - genDependencies : Invalid condition id : UX DEVICE CLASS RTOS Condition cause : null
2023-04-19 23:24:16,240 [WARN] ConditionMgr:1039 - genDependencies : Invalid condition id : UX DEVICE CLASS RTOS Condition cause : null
2023-04-19 23:24:16,241 [WARN] ConditionMgr:1039 - genDependencies : Invalid condition id : UX DEVICE CLASS RTOS Condition cause : null
2023-04-19 23:24:16,241 [WARN] ConditionMgr:1039 - genDependencies : Invalid condition id : UX DEVICE CLASS RTOS Condition cause : null
2023-04-19 23:24:16,250 [WARN] PackLoader:240 - Cannot read IP mode file for STMicroelectronics.X-CUBE-DISPLAY.3.0.0
2023-04-19 23:24:16,261 [WARN] PackLoader:240 - Cannot read IP mode file for STMicroelectronics.X-CUBE-NFC7.1.0.0
2023-04-19 23:24:16,270 [WARN] PackLoader:240 - Cannot read IP mode file for STMicroelectronics.X-CUBE-EEPRMA1.4.1.0
2023-04-19 23:24:16,279 [WARN] PackLoader:240 - Cannot read IP mode file for WES.I-CUBE-Cesium.1.3.0
2023-04-19 23:24:16,291 [WARN] PackLoader:240 - Cannot read IP mode file for STMicroelectronics.X-CUBE-SFXS2LP1.4.0.0
2023-04-19 23:24:16,297 [WARN] PackLoader:240 - Cannot read IP mode file for STMicroelectronics.X-CUBE-BLE2.3.3.0
2023-04-19 23:24:16,323 [WARN] PackLoader:240 - Cannot read IP mode file for STMicroelectronics.X-CUBE-ISPU.1.1.0
2023-04-19 23:24:16,328 [WARN] PackLoader:240 - Cannot read IP mode file for STMicroelectronics.X-CUBE-AI.8.0.0
2023-04-19 23:24:16,333 [WARN] PackLoader:240 - Cannot read IP mode file for STMicroelectronics.X-CUBE-FREERTOS.1.0.1
2023-04-19 23:24:16,340 [WARN] PackLoader:240 - Cannot read IP mode file for STMicroelectronics.X-CUBE-TOUCHGFX.4.21.3
2023-04-19 23:24:16,346 [WARN] PackLoader:240 - Cannot read IP mode file for STMicroelectronics.X-CUBE-ALGOBUILD.1.3.0
2023-04-19 23:24:16,363 [WARN] PackLoader:240 - Cannot read IP mode file for STMicroelectronics.X-CUBE-AZRTOS-L5.1.1.0
2023-04-19 23:24:16,386 [WARN] PackLoader:240 - Cannot read IP mode file for STMicroelectronics.X-CUBE-AZRTOS-G0.1.1.0
2023-04-19 23:24:16,436 [WARN] PackLoader:240 - Cannot read IP mode file for STMicroelectronics.X-CUBE-SUBG2.5.0.0
2023-04-19 23:24:16,449 [WARN] PackLoader:240 - Cannot read IP mode file for STMicroelectronics.X-CUBE-NFC4.3.0.0
2023-04-19 23:24:16,483 [WARN] PackLoader:240 - Cannot read IP mode file for STMicroelectronics.X-CUBE-TOF1.3.3.0
2023-04-19 23:24:16,515 [WARN] PackLoader:240 - Cannot read IP mode file for STMicroelectronics.X-CUBE-AZRTOS-G4.1.0.0
2023-04-19 23:24:16,525 [WARN] PackLoader:240 - Cannot read IP mode file for STMicroelectronics.FP-ATR-SIGFOX1.3.2.0
2023-04-19 23:24:16,551 [WARN] PackLoader:240 - Cannot read IP mode file for STMicroelectronics.X-CUBE-AZRTOS-L4.1.0.0
2023-04-19 23:24:16,568 [WARN] PackLoader:240 - Cannot read IP mode file for STMicroelectronics.X-CUBE-AZRTOS-WL.1.0.0
2023-04-19 23:24:16,576 [WARN] PackLoader:240 - Cannot read IP mode file for portGmbH.I-Cube-SoM-uGOAL.1.1.0
2023-04-19 23:24:16,582 [WARN] PackLoader:240 - Cannot read IP mode file for STMicroelectronics.X-CUBE-ALS.1.0.1
2023-04-19 23:24:16,654 [WARN] PackLoader:240 - Cannot read IP mode file for STMicroelectronics.X-CUBE-MEMS1.9.5.0
2023-04-19 23:24:16,892 [WARN] PackLoader:240 - Cannot read IP mode file for STMicroelectronics.X-CUBE-AZRTOS-WB.1.1.0
2023-04-19 23:24:16,932 [WARN] PackLoader:240 - Cannot read IP mode file for SEGGER.I-CUBE-embOS.1.3.1
2023-04-19 23:24:16,982 [WARN] PackLoader:240 - Cannot read IP mode file for STMicroelectronics.FP-ATR-ASTRA1.2.0.0
2023-04-19 23:24:16,982 [INFO] ThirdParty:978 - Integrity check success = true
2023-04-19 23:24:16,982 [INFO] IntegrityCheckThread:100 - exiting critical section [integrity check]
2023-04-19 23:24:16,982 [INFO] IntegrityCheckThread:103 - End integrity checks thread
2023-04-19 23:24:17,444 [INFO] Mcu:1937 - Initializing MCU STM32L053R8Tx STM32L053R8Tx 
2023-04-19 23:24:17,446 [INFO] Mcu:1950 - No CPN specified => set CPN to STM32L053R8T3
2023-04-19 23:24:19,230 [INFO] Context:659 - Trying to add GPIOservice into a context  which must be forbidden
2023-04-19 23:24:19,820 [INFO] ImportTextPane:194 - (OptionalMessage_ERROR) Unable to find key (Mcu.ThirdPartyNb) in loaded IOC file
2023-04-19 23:24:19,820 [INFO] ImportTextPane:194 - (OptionalMessage_ERROR) Unable to find key (Mcu.PinsNb) in loaded IOC file
2023-04-19 23:24:19,820 [INFO] ImportTextPane:194 - (OptionalMessage_ERROR) Unable to find key (Mcu.IPNb) in loaded IOC file
2023-04-19 23:24:19,978 [INFO] RtosManager:555 - Registered RTOS mode: class=CMSIS, group=RTOS, mode=CMSIS_V1, owner=FREERTOS
2023-04-19 23:24:19,978 [INFO] RtosManager:555 - Registered RTOS mode: class=CMSIS, group=RTOS2, mode=CMSIS_V2, owner=FREERTOS
2023-04-19 23:24:19,979 [INFO] RtosManager:555 - Registered RTOS mode: class=RTOS, group=Core, mode=CMSIS_V1, owner=FREERTOS
2023-04-19 23:24:19,979 [INFO] RtosManager:555 - Registered RTOS mode: class=RTOS, group=Core, mode=CMSIS_V2, owner=FREERTOS
2023-04-19 23:24:19,979 [WARN] ModelIntegratedComponent:184 - Missing modes for component STMicroelectronics:FreeRTOS:0.0.1:STMicroelectronics:RTOS:FreeRTOS:Core:::10.2.0:
2023-04-19 23:24:20,032 [WARN] ModelIntegratedComponent:63 - No mode defined for component null
2023-04-19 23:24:20,032 [WARN] ModelIntegratedComponent:63 - No mode defined for component null
2023-04-19 23:24:20,032 [WARN] ModelIntegratedComponent:63 - No mode defined for component null
2023-04-19 23:24:20,033 [WARN] ModelIntegratedComponent:63 - No mode defined for component null
2023-04-19 23:24:20,033 [WARN] ModelIntegratedComponent:63 - No mode defined for component null
2023-04-19 23:24:20,033 [WARN] ModelIntegratedComponent:63 - No mode defined for component null
2023-04-19 23:24:20,033 [WARN] ModelIntegratedComponent:63 - No mode defined for component null
2023-04-19 23:24:20,037 [WARN] ModelIntegratedComponent:63 - No mode defined for component null
2023-04-19 23:24:20,042 [WARN] ModelIntegratedComponent:63 - No mode defined for component null
2023-04-19 23:24:20,042 [WARN] ModelIntegratedComponent:63 - No mode defined for component null
2023-04-19 23:24:20,042 [WARN] ModelIntegratedComponent:63 - No mode defined for component null
2023-04-19 23:24:20,043 [WARN] ModelIntegratedComponent:63 - No mode defined for component null
2023-04-19 23:24:20,043 [WARN] ModelIntegratedComponent:63 - No mode defined for component null
2023-04-19 23:24:20,043 [WARN] ModelIntegratedComponent:63 - No mode defined for component null
2023-04-19 23:24:20,043 [WARN] ModelIntegratedComponent:63 - No mode defined for component null
2023-04-19 23:24:20,043 [WARN] ModelIntegratedComponent:63 - No mode defined for component null
2023-04-19 23:24:20,043 [WARN] ModelIntegratedComponent:63 - No mode defined for component null
2023-04-19 23:24:20,043 [WARN] ModelIntegratedComponent:63 - No mode defined for component null
2023-04-19 23:24:20,043 [WARN] ModelIntegratedComponent:63 - No mode defined for component null
2023-04-19 23:24:20,043 [WARN] ModelIntegratedComponent:63 - No mode defined for component null
2023-04-19 23:24:20,044 [WARN] ModelIntegratedComponent:63 - No mode defined for component null
2023-04-19 23:24:20,044 [WARN] ModelIntegratedComponent:63 - No mode defined for component null
2023-04-19 23:24:20,044 [WARN] ModelIntegratedComponent:63 - No mode defined for component null
2023-04-19 23:24:20,044 [WARN] ModelIntegratedComponent:63 - No mode defined for component null
2023-04-19 23:24:20,044 [WARN] ModelIntegratedComponent:63 - No mode defined for component null
2023-04-19 23:24:20,044 [WARN] ModelIntegratedComponent:63 - No mode defined for component null
2023-04-19 23:24:20,044 [WARN] ModelIntegratedComponent:63 - No mode defined for component null
2023-04-19 23:24:20,044 [WARN] ModelIntegratedComponent:63 - No mode defined for component null
2023-04-19 23:24:20,044 [WARN] ModelIntegratedComponent:63 - No mode defined for component null
2023-04-19 23:24:20,044 [WARN] ModelIntegratedComponent:63 - No mode defined for component null
2023-04-19 23:24:20,044 [WARN] ModelIntegratedComponent:63 - No mode defined for component null
2023-04-19 23:24:20,044 [WARN] ModelIntegratedComponent:63 - No mode defined for component null
2023-04-19 23:24:20,045 [WARN] ModelIntegratedComponent:63 - No mode defined for component null
2023-04-19 23:24:20,208 [INFO] ThirdPartyModel:298 - Start build external matchings
2023-04-19 23:24:20,590 [INFO] ThirdPartyModel:316 - End build external matchings
2023-04-19 23:24:21,215 [INFO] UtilMem:75 - End LoadConfig() Used Memory: 485329968 Bytes (636485632)
2023-04-19 23:24:21,426 [WARN] ThirdParty:833 - waiting for thirdparty lock release [change project]
2023-04-19 23:24:21,426 [INFO] ThirdParty:835 - entering critical section [change project]
2023-04-19 23:24:21,426 [INFO] ThirdParty:1030 - CMSIS Pack Vendor :STMicroelectronics X-CUBE-ISPU 1.1.0
2023-04-19 23:24:21,426 [INFO] ThirdParty:1030 - CMSIS Pack Vendor :STMicroelectronics X-CUBE-GNSS1 6.0.0
2023-04-19 23:24:21,426 [INFO] ThirdParty:1030 - CMSIS Pack Vendor :STMicroelectronics USB_HOST 2.0.0
2023-04-19 23:24:21,427 [INFO] ThirdParty:1030 - CMSIS Pack Vendor :STMicroelectronics X-CUBE-AZRTOS-F4 1.1.0
2023-04-19 23:24:21,427 [INFO] ThirdParty:1030 - CMSIS Pack Vendor :STMicroelectronics LIBJPEG 8.0.0
2023-04-19 23:24:21,427 [INFO] ThirdParty:1030 - CMSIS Pack Vendor :STMicroelectronics X-CUBE-SMBUS 2.1.0
2023-04-19 23:24:21,427 [INFO] ThirdParty:1030 - CMSIS Pack Vendor :wolfSSL I-CUBE-wolfSSL 5.6.0
2023-04-19 23:24:21,427 [INFO] ThirdParty:1030 - CMSIS Pack Vendor :STMicroelectronics USB_DEVICE 3.0.0
2023-04-19 23:24:21,427 [INFO] ThirdParty:1030 - CMSIS Pack Vendor :STMicroelectronics X-CUBE-AI 8.0.0
2023-04-19 23:24:21,427 [INFO] ThirdParty:1030 - CMSIS Pack Vendor :STMicroelectronics X-CUBE-FREERTOS 1.0.1
2023-04-19 23:24:21,427 [INFO] ThirdParty:1030 - CMSIS Pack Vendor :STMicroelectronics X-CUBE-TOUCHGFX 4.21.3
2023-04-19 23:24:21,427 [INFO] ThirdParty:1030 - CMSIS Pack Vendor :STMicroelectronics X-CUBE-AZRTOS-F7 1.1.0
2023-04-19 23:24:21,427 [INFO] ThirdParty:1030 - CMSIS Pack Vendor :STMicroelectronics USB_DEVICE 2.0.0
2023-04-19 23:24:21,427 [INFO] ThirdParty:1030 - CMSIS Pack Vendor :STMicroelectronics X-CUBE-ALGOBUILD 1.3.0
2023-04-19 23:24:21,427 [INFO] ThirdParty:1030 - CMSIS Pack Vendor :STMicroelectronics X-CUBE-BLE1 6.2.4
2023-04-19 23:24:21,427 [INFO] ThirdParty:1030 - CMSIS Pack Vendor :STMicroelectronics X-CUBE-AZRTOS-L5 1.1.0
2023-04-19 23:24:21,428 [INFO] ThirdParty:1030 - CMSIS Pack Vendor :STMicroelectronics FreeRTOS 0.0.1
2023-04-19 23:24:21,428 [INFO] ThirdParty:1030 - CMSIS Pack Vendor :emotas I-CUBE-CANOPEN 1.1.3
2023-04-19 23:24:21,428 [INFO] ThirdParty:1030 - CMSIS Pack Vendor :STMicroelectronics X-CUBE-AZRTOS-G0 1.1.0
2023-04-19 23:24:21,428 [INFO] ThirdParty:1030 - CMSIS Pack Vendor :STMicroelectronics X-CUBE-BLEMGR 2.0.0
2023-04-19 23:24:21,428 [INFO] ThirdParty:1030 - CMSIS Pack Vendor :STMicroelectronics X-CUBE-SUBG2 5.0.0
2023-04-19 23:24:21,428 [INFO] ThirdParty:1030 - CMSIS Pack Vendor :STMicroelectronics X-CUBE-NFC4 3.0.0
2023-04-19 23:24:21,428 [INFO] ThirdParty:1030 - CMSIS Pack Vendor :STMicroelectronics STM32_WPAN 1.0.0
2023-04-19 23:24:21,428 [INFO] ThirdParty:1030 - CMSIS Pack Vendor :STMicroelectronics lwIP 2.0.3
2023-04-19 23:24:21,428 [INFO] ThirdParty:1030 - CMSIS Pack Vendor :STMicroelectronics USB_HOST 1.0.0
2023-04-19 23:24:21,428 [INFO] ThirdParty:1030 - CMSIS Pack Vendor :STMicroelectronics PDM2PCM 3.1.0
2023-04-19 23:24:21,428 [INFO] ThirdParty:1030 - CMSIS Pack Vendor :STMicroelectronics X-CUBE-AZRTOS-H7 3.1.0
2023-04-19 23:24:21,428 [INFO] ThirdParty:1030 - CMSIS Pack Vendor :STMicroelectronics X-CUBE-TOF1 3.3.0
2023-04-19 23:24:21,428 [INFO] ThirdParty:1030 - CMSIS Pack Vendor :STMicroelectronics PDM2PCM 3.3.0
2023-04-19 23:24:21,429 [INFO] ThirdParty:1030 - CMSIS Pack Vendor :STMicroelectronics X-CUBE-DISPLAY 3.0.0
2023-04-19 23:24:21,429 [INFO] ThirdParty:1030 - CMSIS Pack Vendor :STMicroelectronics X-CUBE-AZRTOS-G4 1.0.0
2023-04-19 23:24:21,429 [INFO] ThirdParty:1030 - CMSIS Pack Vendor :STMicroelectronics FP-ATR-SIGFOX1 3.2.0
2023-04-19 23:24:21,429 [INFO] ThirdParty:1030 - CMSIS Pack Vendor :STMicroelectronics X-CUBE-AZRTOS-L4 1.0.0
2023-04-19 23:24:21,429 [INFO] ThirdParty:1030 - CMSIS Pack Vendor :STMicroelectronics HAL Drivers 0.0.0
2023-04-19 23:24:21,429 [INFO] ThirdParty:1030 - CMSIS Pack Vendor :STMicroelectronics MBEDTLS 2.16.2
2023-04-19 23:24:21,429 [INFO] ThirdParty:1030 - CMSIS Pack Vendor :STMicroelectronics MBEDTLS 2.14.1
2023-04-19 23:24:21,429 [INFO] ThirdParty:1030 - CMSIS Pack Vendor :STMicroelectronics X-CUBE-NFC7 1.0.0
2023-04-19 23:24:21,429 [INFO] ThirdParty:1030 - CMSIS Pack Vendor :STMicroelectronics X-CUBE-AZRTOS-WL 1.0.0
2023-04-19 23:24:21,429 [INFO] ThirdParty:1030 - CMSIS Pack Vendor :STMicroelectronics X-CUBE-EEPRMA1 4.1.0
2023-04-19 23:24:21,429 [INFO] ThirdParty:1030 - CMSIS Pack Vendor :portGmbH I-Cube-SoM-uGOAL 1.1.0
2023-04-19 23:24:21,429 [INFO] ThirdParty:1030 - CMSIS Pack Vendor :STMicroelectronics X-CUBE-ALS 1.0.1
2023-04-19 23:24:21,429 [INFO] ThirdParty:1030 - CMSIS Pack Vendor :STMicroelectronics X-CUBE-MEMS1 9.5.0
2023-04-19 23:24:21,429 [INFO] ThirdParty:1030 - CMSIS Pack Vendor :STMicroelectronics ThreadX 1.0.0
2023-04-19 23:24:21,429 [INFO] ThirdParty:1030 - CMSIS Pack Vendor :STMicroelectronics X-CUBE-AZRTOS-WB 1.1.0
2023-04-19 23:24:21,429 [INFO] ThirdParty:1030 - CMSIS Pack Vendor :SEGGER I-CUBE-embOS 1.3.1
2023-04-19 23:24:21,430 [INFO] ThirdParty:1030 - CMSIS Pack Vendor :STMicroelectronics USB_DEVICE 1.0.0
2023-04-19 23:24:21,430 [INFO] ThirdParty:1030 - CMSIS Pack Vendor :STMicroelectronics ThreadX 0.0.2
2023-04-19 23:24:21,430 [INFO] ThirdParty:1030 - CMSIS Pack Vendor :WES I-CUBE-Cesium 1.3.0
2023-04-19 23:24:21,430 [INFO] ThirdParty:1030 - CMSIS Pack Vendor :STMicroelectronics FP-ATR-ASTRA1 2.0.0
2023-04-19 23:24:21,430 [INFO] ThirdParty:1030 - CMSIS Pack Vendor :STMicroelectronics lwIP 2.1.2
2023-04-19 23:24:21,430 [INFO] ThirdParty:1030 - CMSIS Pack Vendor :STMicroelectronics X-CUBE-SFXS2LP1 4.0.0
2023-04-19 23:24:21,430 [INFO] ThirdParty:1030 - CMSIS Pack Vendor :STMicroelectronics X-CUBE-BLE2 3.3.0
2023-04-19 23:24:21,430 [INFO] ThirdParty:1030 - CMSIS Pack Vendor :STMicroelectronics PDM2PCM 3.2.0
2023-04-19 23:24:21,430 [INFO] ThirdParty:841 - exiting critical section [change project]
2023-04-19 23:24:22,031 [INFO] PinOutPanel:1499 - setPackage(No Configuration,No Configuration)
2023-04-19 23:24:22,034 [INFO] PinOutPanel:1499 - setPackage(STM32L053R8Tx,LQFP64)
2023-04-19 23:24:22,982 [INFO] UtilMem:75 - Before build in PCC Used Memory: 488245552 Bytes (636485632)
2023-04-19 23:24:25,046 [INFO] UtilMem:75 - After build in PCC Used Memory: 552841424 Bytes (636485632)
2023-04-19 23:24:25,127 [INFO] IPUIPlugin:80 - create IPUIPlugin
2023-04-19 23:24:25,127 [INFO] IPUIPlugin:80 - create IPUIPlugin
2023-04-19 23:24:25,128 [INFO] IPUIPlugin:80 - create IPUIPlugin
2023-04-19 23:24:25,128 [INFO] IPUIPlugin:80 - create IPUIPlugin
2023-04-19 23:24:25,128 [INFO] IPUIPlugin:80 - create IPUIPlugin
2023-04-19 23:24:25,128 [INFO] IPUIPlugin:80 - create IPUIPlugin
2023-04-19 23:24:25,128 [INFO] IPUIPlugin:80 - create IPUIPlugin
2023-04-19 23:24:25,128 [INFO] IPUIPlugin:80 - create IPUIPlugin
2023-04-19 23:24:25,128 [INFO] IPUIPlugin:80 - create IPUIPlugin
2023-04-19 23:24:25,129 [INFO] IPUIPlugin:80 - create IPUIPlugin
2023-04-19 23:24:25,129 [INFO] IPUIPlugin:80 - create IPUIPlugin
2023-04-19 23:24:25,129 [INFO] IPUIPlugin:80 - create IPUIPlugin
2023-04-19 23:24:25,129 [INFO] IPUIPlugin:80 - create IPUIPlugin
2023-04-19 23:24:25,129 [INFO] IPUIPlugin:80 - create IPUIPlugin
2023-04-19 23:24:25,129 [INFO] IPUIPlugin:80 - create IPUIPlugin
2023-04-19 23:24:25,130 [INFO] IPUIPlugin:80 - create IPUIPlugin
2023-04-19 23:24:25,130 [INFO] IPUIPlugin:80 - create IPUIPlugin
2023-04-19 23:24:25,140 [INFO] IPUIPlugin:80 - create IPUIPlugin
2023-04-19 23:24:25,141 [INFO] IPUIPlugin:80 - create IPUIPlugin
2023-04-19 23:24:25,141 [INFO] IPUIPlugin:80 - create IPUIPlugin
2023-04-19 23:24:25,141 [INFO] IPUIPlugin:80 - create IPUIPlugin
2023-04-19 23:24:25,141 [INFO] IPUIPlugin:80 - create IPUIPlugin
2023-04-19 23:24:25,141 [INFO] IPUIPlugin:80 - create IPUIPlugin
2023-04-19 23:24:25,142 [INFO] IPUIPlugin:80 - create IPUIPlugin
2023-04-19 23:24:25,142 [INFO] IPUIPlugin:80 - create IPUIPlugin
2023-04-19 23:24:25,142 [INFO] IPUIPlugin:80 - create IPUIPlugin
2023-04-19 23:24:25,142 [INFO] IPUIPlugin:80 - create IPUIPlugin
2023-04-19 23:24:25,142 [INFO] IPUIPlugin:80 - create IPUIPlugin
2023-04-19 23:24:25,146 [INFO] IPUIPlugin:80 - create IPUIPlugin
2023-04-19 23:24:25,146 [INFO] IPUIPlugin:80 - create IPUIPlugin
2023-04-19 23:24:25,146 [INFO] IPUIPlugin:80 - create IPUIPlugin
2023-04-19 23:24:25,147 [INFO] IPUIPlugin:80 - create IPUIPlugin
2023-04-19 23:24:25,148 [INFO] IPUIPlugin:80 - create IPUIPlugin
2023-04-19 23:24:25,149 [INFO] IPUIPlugin:80 - create IPUIPlugin
2023-04-19 23:24:25,551 [INFO] CADModel:165 - CPN selected for project levelSTM32L053R8T3
2023-04-19 23:24:25,551 [INFO] CADModel:114 - Register for checkConnection events
2023-04-19 23:24:25,601 [INFO] OpenFileManager:328 - Restore cursor
2023-04-19 23:24:27,963 [INFO] UtilMem:75 - End SaveConfig() Used Memory: 479086224 Bytes (636485632)
2023-04-19 23:24:28,799 [INFO] ServerAccessManage:473 - Download File stm32cube_fw_l0_v1120.zip
2023-04-19 23:25:27,254 [ERROR] FileExtend:455 - File entry not found
2023-04-19 23:25:27,255 [INFO] FileExtend:240 - Unzip File : stm32cube_fw_l0_v1120.zip
2023-04-19 23:25:27,256 [INFO] FileExtend:255 - Standard Zip Deflate
2023-04-19 23:26:23,425 [INFO] ServerAccessManage:473 - Download File stm32cube_fw_l0_v1122.zip
2023-04-19 23:26:46,305 [INFO] FileExtend:240 - Unzip File : stm32cube_fw_l0_v1122.zip
2023-04-19 23:26:46,305 [INFO] FileExtend:255 - Standard Zip Deflate
2023-04-19 23:27:28,017 [INFO] LoadServerPackagesThread:196 - End of LoadServerPackages Thread
2023-04-19 23:27:28,312 [INFO] ThirdPartyModel:298 - Start build external matchings
2023-04-19 23:27:28,314 [INFO] UtilMem:75 - End SaveConfig() Used Memory: 723271544 Bytes (1073741824)
2023-04-19 23:27:29,750 [INFO] ThirdPartyModel:316 - End build external matchings
2023-04-19 23:27:29,780 [INFO] CheckServerUpdateThread:120 - End of CheckServer Thread
2023-04-19 23:27:30,154 [INFO] BlockDiagram:2759 - set Specific Code input for plugin: NVIC
2023-04-19 23:27:30,155 [INFO] BlockDiagram:2759 - set Specific Code input for plugin: RCC
2023-04-19 23:27:30,157 [INFO] CodeGenerator:793 - code generatio: config db path: F:\stm32CubeIDE\STM32CubeIDE_1.12.0\STM32CubeIDE\plugins\com.st.stm32cube.common.mx_6.8.0.202302231600\\db\
2023-04-19 23:27:31,355 [INFO] CodeEngine:255 - oldGeneratedFile, C:\Users\Petric\STM32CubeIDE\workspace_1.12.0\zadatak\MXTmpFiles\license.tmp_save
2023-04-19 23:27:33,218 [INFO] CodeEngine:279 - Generated code: C:\Users\Petric\STM32CubeIDE\workspace_1.12.0\zadatak\MXTmpFiles\license.tmp
2023-04-19 23:27:33,244 [INFO] CodeEngine:255 - oldGeneratedFile, C:\Users\Petric\STM32CubeIDE\workspace_1.12.0\zadatak\Core\Src\stm32l0xx_it.c_save
2023-04-19 23:27:33,747 [INFO] CodeEngine:279 - Generated code: C:\Users\Petric\STM32CubeIDE\workspace_1.12.0\zadatak\Core\Src\stm32l0xx_it.c
2023-04-19 23:27:33,771 [INFO] CodeEngine:255 - oldGeneratedFile, C:\Users\Petric\STM32CubeIDE\workspace_1.12.0\zadatak\Core\Inc\stm32l0xx_it.h_save
2023-04-19 23:27:33,969 [INFO] CodeEngine:279 - Generated code: C:\Users\Petric\STM32CubeIDE\workspace_1.12.0\zadatak\Core\Inc\stm32l0xx_it.h
2023-04-19 23:27:34,185 [INFO] CodeEngine:255 - oldGeneratedFile, C:\Users\Petric\STM32CubeIDE\workspace_1.12.0\zadatak\Core\Src\stm32l0xx_hal_msp.c_save
2023-04-19 23:27:34,474 [INFO] CodeEngine:279 - Generated code: C:\Users\Petric\STM32CubeIDE\workspace_1.12.0\zadatak\Core\Src\stm32l0xx_hal_msp.c
2023-04-19 23:27:34,488 [INFO] CodeEngine:255 - oldGeneratedFile, C:\Users\Petric\STM32CubeIDE\workspace_1.12.0\zadatak\MXTmpFiles\system.tmp_save
2023-04-19 23:27:34,590 [INFO] CodeEngine:279 - Generated code: C:\Users\Petric\STM32CubeIDE\workspace_1.12.0\zadatak\MXTmpFiles\system.tmp
2023-04-19 23:27:34,634 [INFO] CodeEngine:311 - oldGeneratedFile, C:\Users\Petric\STM32CubeIDE\workspace_1.12.0\zadatak\Core\Inc\stm32l0xx_hal_conf.h_save
2023-04-19 23:27:34,774 [INFO] CodeEngine:335 - Generated code: C:\Users\Petric\STM32CubeIDE\workspace_1.12.0\zadatak\Core\Inc\stm32l0xx_hal_conf.h
2023-04-19 23:27:34,869 [INFO] CodeEngine:255 - oldGeneratedFile, C:\Users\Petric\STM32CubeIDE\workspace_1.12.0\zadatak\Core\Inc\main.h_save
2023-04-19 23:27:35,041 [INFO] CodeEngine:279 - Generated code: C:\Users\Petric\STM32CubeIDE\workspace_1.12.0\zadatak\Core\Inc\main.h
2023-04-19 23:27:35,056 [INFO] CodeEngine:255 - oldGeneratedFile, C:\Users\Petric\STM32CubeIDE\workspace_1.12.0\zadatak\Core\Src\main.c_save
2023-04-19 23:27:35,289 [INFO] CodeEngine:279 - Generated code: C:\Users\Petric\STM32CubeIDE\workspace_1.12.0\zadatak\Core\Src\main.c
2023-04-19 23:27:36,260 [INFO] ProjectBuilder:2996 - Time for Copy HAL[1] : 438mS.
2023-04-19 23:27:36,285 [INFO] ProjectBuilder:4304 - Project Generator version: 3.19.2
2023-04-19 23:27:37,449 [INFO] ConfigFileManager:1483 - The Die is : DIE417
2023-04-19 23:27:37,467 [INFO] ApiDbMcu:507 - Load IP Config File for FATFS
2023-04-19 23:27:37,487 [INFO] ApiDbMcu:507 - Load IP Config File for FREERTOS
2023-04-19 23:27:37,520 [INFO] ApiDbMcu:507 - Load IP Config File for TOUCHSENSING
2023-04-19 23:27:37,538 [INFO] ApiDbMcu:507 - Load IP Config File for USB_DEVICE
2023-04-19 23:27:39,363 [INFO] LogOutputStream:77 - [STDOUT_REDIRECT] 
2023-04-19 23:27:46,047 [INFO] ProjectBuilder:4505 - Time for Generating toolchain IDE Files: 9755mS.
2023-04-19 23:27:46,049 [INFO] ProjectBuilder:2867 - Time for Copy CMSIS : 0mS.
2023-04-19 23:27:46,052 [INFO] ProjectBuilder:2867 - Time for Copy CMSIS : 0mS.
2023-04-19 23:27:47,313 [INFO] McuFinderGlobals:66 - Set McuFinderConnectedMode to true
2023-04-19 23:27:47,317 [INFO] ApiDb:448 - Save user favorites file C:\Users\Petric/.stm32cubeide/favorites.mcus.txt: 0 item(s)
2023-04-19 23:27:47,318 [INFO] ApiDb:452 - User favorites MCUs=[]
2023-04-19 23:31:52,084 [INFO] UtilMem:75 - End SaveConfig() Used Memory: 484786128 Bytes (1073741824)
2023-04-19 23:31:56,271 [INFO] UtilMem:75 - End SaveConfig() Used Memory: 611765920 Bytes (1073741824)
2023-04-19 23:31:56,927 [INFO] BlockDiagram:2759 - set Specific Code input for plugin: RTC
2023-04-19 23:31:56,928 [INFO] BlockDiagram:2759 - set Specific Code input for plugin: NVIC
2023-04-19 23:31:56,928 [INFO] BlockDiagram:2759 - set Specific Code input for plugin: USART
2023-04-19 23:31:56,928 [INFO] BlockDiagram:2759 - set Specific Code input for plugin: SYS
2023-04-19 23:31:56,929 [INFO] BlockDiagram:2759 - set Specific Code input for plugin: GPIO
2023-04-19 23:31:56,930 [INFO] BlockDiagram:2759 - set Specific Code input for plugin: RCC
2023-04-19 23:31:56,932 [INFO] CodeGenerator:793 - code generatio: config db path: F:\stm32CubeIDE\STM32CubeIDE_1.12.0\STM32CubeIDE\plugins\com.st.stm32cube.common.mx_6.8.0.202302231600\\db\
2023-04-19 23:31:57,336 [INFO] CodeEngine:255 - oldGeneratedFile, C:\Users\Petric\STM32CubeIDE\workspace_1.12.0\zadatak\MXTmpFiles\license.tmp_save
2023-04-19 23:31:57,602 [INFO] CodeEngine:279 - Generated code: C:\Users\Petric\STM32CubeIDE\workspace_1.12.0\zadatak\MXTmpFiles\license.tmp
2023-04-19 23:31:57,751 [INFO] CodeEngine:255 - oldGeneratedFile, C:\Users\Petric\STM32CubeIDE\workspace_1.12.0\zadatak\MXTmpFiles\gpio.tmp_save
2023-04-19 23:31:57,949 [INFO] CodeEngine:279 - Generated code: C:\Users\Petric\STM32CubeIDE\workspace_1.12.0\zadatak\MXTmpFiles\gpio.tmp
2023-04-19 23:31:58,203 [INFO] CodeEngine:255 - oldGeneratedFile, C:\Users\Petric\STM32CubeIDE\workspace_1.12.0\zadatak\Core\Src\stm32l0xx_it.c_save
2023-04-19 23:31:58,400 [INFO] CodeEngine:279 - Generated code: C:\Users\Petric\STM32CubeIDE\workspace_1.12.0\zadatak\Core\Src\stm32l0xx_it.c
2023-04-19 23:31:58,415 [INFO] CodeEngine:255 - oldGeneratedFile, C:\Users\Petric\STM32CubeIDE\workspace_1.12.0\zadatak\Core\Inc\stm32l0xx_it.h_save
2023-04-19 23:31:58,511 [INFO] CodeEngine:279 - Generated code: C:\Users\Petric\STM32CubeIDE\workspace_1.12.0\zadatak\Core\Inc\stm32l0xx_it.h
2023-04-19 23:31:58,535 [INFO] CodeEngine:255 - oldGeneratedFile, C:\Users\Petric\STM32CubeIDE\workspace_1.12.0\zadatak\Core\Src\stm32l0xx_hal_msp.c_save
2023-04-19 23:31:58,734 [INFO] CodeEngine:279 - Generated code: C:\Users\Petric\STM32CubeIDE\workspace_1.12.0\zadatak\Core\Src\stm32l0xx_hal_msp.c
2023-04-19 23:31:58,740 [INFO] CodeEngine:255 - oldGeneratedFile, C:\Users\Petric\STM32CubeIDE\workspace_1.12.0\zadatak\MXTmpFiles\system.tmp_save
2023-04-19 23:31:58,840 [INFO] CodeEngine:279 - Generated code: C:\Users\Petric\STM32CubeIDE\workspace_1.12.0\zadatak\MXTmpFiles\system.tmp
2023-04-19 23:31:58,866 [INFO] CodeEngine:311 - oldGeneratedFile, C:\Users\Petric\STM32CubeIDE\workspace_1.12.0\zadatak\Core\Inc\stm32l0xx_hal_conf.h_save
2023-04-19 23:31:59,004 [INFO] CodeEngine:335 - Generated code: C:\Users\Petric\STM32CubeIDE\workspace_1.12.0\zadatak\Core\Inc\stm32l0xx_hal_conf.h
2023-04-19 23:31:59,086 [INFO] CodeEngine:255 - oldGeneratedFile, C:\Users\Petric\STM32CubeIDE\workspace_1.12.0\zadatak\Core\Inc\main.h_save
2023-04-19 23:31:59,207 [INFO] CodeEngine:279 - Generated code: C:\Users\Petric\STM32CubeIDE\workspace_1.12.0\zadatak\Core\Inc\main.h
2023-04-19 23:31:59,225 [INFO] CodeEngine:255 - oldGeneratedFile, C:\Users\Petric\STM32CubeIDE\workspace_1.12.0\zadatak\Core\Src\main.c_save
2023-04-19 23:31:59,420 [INFO] CodeEngine:279 - Generated code: C:\Users\Petric\STM32CubeIDE\workspace_1.12.0\zadatak\Core\Src\main.c
2023-04-19 23:32:00,823 [INFO] ProjectBuilder:2996 - Time for Copy HAL[1] : 571mS.
2023-04-19 23:32:00,832 [INFO] ProjectBuilder:4304 - Project Generator version: 3.19.2
2023-04-19 23:32:01,157 [INFO] ConfigFileManager:1483 - The Die is : DIE417
2023-04-19 23:32:04,162 [INFO] ProjectBuilder:4505 - Time for Generating toolchain IDE Files: 3330mS.
2023-04-19 23:32:04,163 [INFO] ProjectBuilder:2867 - Time for Copy CMSIS : 1mS.
2023-04-19 23:32:04,166 [INFO] ProjectBuilder:2867 - Time for Copy CMSIS : 0mS.
